  [1m[35m (200.3ms)[0m  [1m[35mCREATE DATABASE "GoodreadsFullStack_development" ENCODING = 'unicode'[0m
  ↳ bin/rails:9
  [1m[35m (133.8ms)[0m  [1m[35mCREATE DATABASE "GoodreadsFullStack_test" ENCODING = 'unicode'[0m
  ↳ bin/rails:9
Started GET "/" for ::1 at 2020-06-01 15:46:14 -0400

ActionController::RoutingError - uninitialized constant StaticPagesController:

Started POST "/__better_errors/465f38885bca9233/variables" for ::1 at 2020-06-01 15:46:14 -0400
Started GET "/" for ::1 at 2020-06-01 15:47:49 -0400

ActionController::RoutingError - uninitialized constant StaticPagesController:

Started POST "/__better_errors/37ca756ff8827fe2/variables" for ::1 at 2020-06-01 15:47:49 -0400
Started GET "/" for ::1 at 2020-06-01 15:47:50 -0400

ActionController::RoutingError - uninitialized constant StaticPagesController:

Started POST "/__better_errors/ed3a0cb62ea5b4de/variables" for ::1 at 2020-06-01 15:47:50 -0400
Started GET "/" for ::1 at 2020-06-01 15:47:52 -0400

ActionController::RoutingError - uninitialized constant StaticPagesController:

Started POST "/__better_errors/d9e14d2333cab603/variables" for ::1 at 2020-06-01 15:47:52 -0400
Started GET "/" for ::1 at 2020-06-01 15:49:36 -0400
Processing by StaticPagesController#root as HTML
  Rendering static_pages/root.html.erb within layouts/application
  Rendered static_pages/root.html.erb within layouts/application (1.4ms)
Completed 200 OK in 1506ms (Views: 1504.2ms | ActiveRecord: 0.0ms)


Started GET "/" for ::1 at 2020-06-01 16:03:03 -0400
Processing by StaticPagesController#root as HTML
  Rendering static_pages/root.html.erb within layouts/application
  Rendered static_pages/root.html.erb within layouts/application (1.2ms)
Completed 200 OK in 47ms (Views: 41.1ms | ActiveRecord: 0.0ms)


  [1m[35m (61.4ms)[0m  [1m[35mCREATE TABLE "schema_migrations" ("version" character varying NOT NULL PRIMARY KEY)[0m
  ↳ bin/rails:9
  [1m[35m (5.3ms)[0m  [1m[35mCREATE TABLE "ar_internal_metadata" ("key" character varying NOT NULL PRIMARY KEY, "value" character varying, "created_at" timestamp NOT NULL, "updated_at" timestamp NOT NULL)[0m
  ↳ bin/rails:9
  [1m[35m (0.8ms)[0m  [1m[34mSELECT pg_try_advisory_lock(7252695322130743800)[0m
  ↳ bin/rails:9
  [1m[35m (0.9ms)[0m  [1m[34mSELECT "schema_migrations"."version" FROM "schema_migrations" ORDER BY "schema_migrations"."version" ASC[0m
  ↳ bin/rails:9
Migrating to CreateUsers (20200601200535)
  [1m[35m (0.2ms)[0m  [1m[35mBEGIN[0m
  ↳ bin/rails:9
  [1m[35m (7.9ms)[0m  [1m[35mCREATE TABLE "users" ("id" bigserial primary key, "name" character varying NOT NULL, "email_address" character varying NOT NULL, "password_digest" character varying NOT NULL, "session_token" character varying NOT NULL, "created_at" timestamp NOT NULL, "updated_at" timestamp NOT NULL)[0m
  ↳ db/migrate/20200601200535_create_users.rb:3
  [1m[35m (2.0ms)[0m  [1m[35mCREATE UNIQUE INDEX  "index_users_on_name" ON "users"  ("name")[0m
  ↳ db/migrate/20200601200535_create_users.rb:10
  [1m[35m (1.3ms)[0m  [1m[35mCREATE UNIQUE INDEX  "index_users_on_email_address" ON "users"  ("email_address")[0m
  ↳ db/migrate/20200601200535_create_users.rb:11
  [1m[35m (1.2ms)[0m  [1m[35mCREATE UNIQUE INDEX  "index_users_on_session_token" ON "users"  ("session_token")[0m
  ↳ db/migrate/20200601200535_create_users.rb:12
  [1m[36mActiveRecord::SchemaMigration Create (2.8ms)[0m  [1m[32mINSERT INTO "schema_migrations" ("version") VALUES ($1) RETURNING "version"[0m  [["version", "20200601200535"]]
  ↳ bin/rails:9
  [1m[35m (1.9ms)[0m  [1m[35mCOMMIT[0m
  ↳ bin/rails:9
  [1m[36mActiveRecord::InternalMetadata Load (0.6ms)[0m  [1m[34mSELECT  "ar_internal_metadata".* FROM "ar_internal_metadata" WHERE "ar_internal_metadata"."key" = $1 LIMIT $2[0m  [["key", "environment"], ["LIMIT", 1]]
  ↳ bin/rails:9
  [1m[35m (0.9ms)[0m  [1m[35mBEGIN[0m
  ↳ bin/rails:9
  [1m[36mActiveRecord::InternalMetadata Create (0.8ms)[0m  [1m[32mINSERT INTO "ar_internal_metadata" ("key", "value", "created_at", "updated_at") VALUES ($1, $2, $3, $4) RETURNING "key"[0m  [["key", "environment"], ["value", "development"], ["created_at", "2020-06-01 20:12:29.426773"], ["updated_at", "2020-06-01 20:12:29.426773"]]
  ↳ bin/rails:9
  [1m[35m (0.4ms)[0m  [1m[35mCOMMIT[0m
  ↳ bin/rails:9
  [1m[35m (0.3ms)[0m  [1m[34mSELECT pg_advisory_unlock(7252695322130743800)[0m
  ↳ bin/rails:9
  [1m[35m (0.3ms)[0m  [1m[34mSELECT "schema_migrations"."version" FROM "schema_migrations" ORDER BY "schema_migrations"."version" ASC[0m
  ↳ bin/rails:9
Started GET "/" for ::1 at 2020-06-01 16:27:10 -0400
  [1m[35m (0.9ms)[0m  [1m[34mSELECT "schema_migrations"."version" FROM "schema_migrations" ORDER BY "schema_migrations"."version" ASC[0m
  ↳ /Users/ramiabdelghafar/.rbenv/versions/2.5.1/lib/ruby/gems/2.5.0/gems/activerecord-5.2.4.3/lib/active_record/log_subscriber.rb:98
Processing by StaticPagesController#root as HTML
  Rendering static_pages/root.html.erb within layouts/application
  Rendered static_pages/root.html.erb within layouts/application (0.4ms)
Completed 200 OK in 40ms (Views: 37.2ms | ActiveRecord: 0.0ms)


Started GET "/" for ::1 at 2020-06-01 16:34:03 -0400
Processing by StaticPagesController#root as HTML
  Rendering static_pages/root.html.erb within layouts/application
  Rendered static_pages/root.html.erb within layouts/application (0.4ms)
Completed 200 OK in 40ms (Views: 36.9ms | ActiveRecord: 0.0ms)


Started GET "/" for ::1 at 2020-06-01 18:10:30 -0400
  [1m[35m (1.1ms)[0m  [1m[34mSELECT "schema_migrations"."version" FROM "schema_migrations" ORDER BY "schema_migrations"."version" ASC[0m
  ↳ /Users/ramiabdelghafar/.rbenv/versions/2.5.1/lib/ruby/gems/2.5.0/gems/activerecord-5.2.4.3/lib/active_record/log_subscriber.rb:98
Processing by StaticPagesController#root as HTML
  Rendering static_pages/root.html.erb within layouts/application
  Rendered static_pages/root.html.erb within layouts/application (1.7ms)
Completed 200 OK in 1508ms (Views: 1504.9ms | ActiveRecord: 0.0ms)


Started GET "/" for ::1 at 2020-06-01 18:10:38 -0400
Processing by StaticPagesController#root as HTML
  Rendering static_pages/root.html.erb within layouts/application
  Rendered static_pages/root.html.erb within layouts/application (0.5ms)
Completed 200 OK in 27ms (Views: 22.7ms | ActiveRecord: 0.0ms)


  [1m[36mUser Load (6.6ms)[0m  [1m[34mSELECT  "users".* FROM "users" ORDER BY "users"."id" ASC LIMIT $1[0m  [["LIMIT", 1]]
  [1m[35m (5.2ms)[0m  [1m[34mSELECT "schema_migrations"."version" FROM "schema_migrations" ORDER BY "schema_migrations"."version" ASC[0m
  ↳ /Users/ramiabdelghafar/.rbenv/versions/2.5.1/bin/annotate:23
  [1m[35m (1.2ms)[0m  [1m[34mSELECT pg_try_advisory_lock(7252695322130743800)[0m
  ↳ bin/rails:9
  [1m[35m (0.8ms)[0m  [1m[34mSELECT "schema_migrations"."version" FROM "schema_migrations" ORDER BY "schema_migrations"."version" ASC[0m
  ↳ bin/rails:9
Migrating to ChangeColumnUsers (20200602134248)
  [1m[35m (0.9ms)[0m  [1m[35mBEGIN[0m
  ↳ bin/rails:9
  [1m[35m (10.8ms)[0m  [1m[35mALTER TABLE "users" RENAME COLUMN "email_address" TO "email"[0m
  ↳ db/migrate/20200602134248_change_column_users.rb:3
  [1m[35m (7.7ms)[0m  [1m[35mALTER INDEX "index_users_on_email_address" RENAME TO "index_users_on_email"[0m
  ↳ db/migrate/20200602134248_change_column_users.rb:3
  [1m[36mActiveRecord::SchemaMigration Create (4.9ms)[0m  [1m[32mINSERT INTO "schema_migrations" ("version") VALUES ($1) RETURNING "version"[0m  [["version", "20200602134248"]]
  ↳ bin/rails:9
  [1m[35m (1.0ms)[0m  [1m[35mCOMMIT[0m
  ↳ bin/rails:9
  [1m[36mActiveRecord::InternalMetadata Load (2.3ms)[0m  [1m[34mSELECT  "ar_internal_metadata".* FROM "ar_internal_metadata" WHERE "ar_internal_metadata"."key" = $1 LIMIT $2[0m  [["key", "environment"], ["LIMIT", 1]]
  ↳ bin/rails:9
  [1m[35m (1.4ms)[0m  [1m[35mBEGIN[0m
  ↳ bin/rails:9
  [1m[35m (0.3ms)[0m  [1m[35mCOMMIT[0m
  ↳ bin/rails:9
  [1m[35m (0.8ms)[0m  [1m[34mSELECT pg_advisory_unlock(7252695322130743800)[0m
  ↳ bin/rails:9
  [1m[35m (0.3ms)[0m  [1m[34mSELECT "schema_migrations"."version" FROM "schema_migrations" ORDER BY "schema_migrations"."version" ASC[0m
  ↳ bin/rails:9
  [1m[35m (0.7ms)[0m  [1m[34mSELECT "schema_migrations"."version" FROM "schema_migrations" ORDER BY "schema_migrations"."version" ASC[0m
  ↳ /Users/ramiabdelghafar/.rbenv/versions/2.5.1/bin/annotate:23
  [1m[35m (0.2ms)[0m  [1m[34mSELECT pg_try_advisory_lock(7252695322130743800)[0m
  ↳ bin/rails:9
  [1m[35m (2.0ms)[0m  [1m[34mSELECT "schema_migrations"."version" FROM "schema_migrations" ORDER BY "schema_migrations"."version" ASC[0m
  ↳ bin/rails:9
Migrating to DeleteIndexUsers (20200602134952)
  [1m[35m (0.2ms)[0m  [1m[35mBEGIN[0m
  ↳ bin/rails:9
  [1m[35m (11.1ms)[0m  [1m[35mDROP INDEX  "index_users_on_name"[0m
  ↳ db/migrate/20200602134952_delete_index_users.rb:3
  [1m[36mActiveRecord::SchemaMigration Create (1.1ms)[0m  [1m[32mINSERT INTO "schema_migrations" ("version") VALUES ($1) RETURNING "version"[0m  [["version", "20200602134952"]]
  ↳ bin/rails:9
  [1m[35m (9.1ms)[0m  [1m[35mCOMMIT[0m
  ↳ bin/rails:9
  [1m[36mActiveRecord::InternalMetadata Load (0.4ms)[0m  [1m[34mSELECT  "ar_internal_metadata".* FROM "ar_internal_metadata" WHERE "ar_internal_metadata"."key" = $1 LIMIT $2[0m  [["key", "environment"], ["LIMIT", 1]]
  ↳ bin/rails:9
  [1m[35m (0.2ms)[0m  [1m[35mBEGIN[0m
  ↳ bin/rails:9
  [1m[35m (0.2ms)[0m  [1m[35mCOMMIT[0m
  ↳ bin/rails:9
  [1m[35m (0.3ms)[0m  [1m[34mSELECT pg_advisory_unlock(7252695322130743800)[0m
  ↳ bin/rails:9
  [1m[35m (0.6ms)[0m  [1m[34mSELECT "schema_migrations"."version" FROM "schema_migrations" ORDER BY "schema_migrations"."version" ASC[0m
  ↳ bin/rails:9
  [1m[35m (0.2ms)[0m  [1m[35mBEGIN[0m
  [1m[36mUser Exists (1.1ms)[0m  [1m[34mSELECT  1 AS one FROM "users" WHERE "users"."email" = $1 LIMIT $2[0m  [["email", "emina@hotmail.com"], ["LIMIT", 1]]
  [1m[36mUser Exists (0.4ms)[0m  [1m[34mSELECT  1 AS one FROM "users" WHERE "users"."session_token" = $1 LIMIT $2[0m  [["session_token", "KhQP-AHmIOB7aaFlV2ebZg"], ["LIMIT", 1]]
  [1m[36mUser Create (11.5ms)[0m  [1m[32mINSERT INTO "users" ("name", "email", "password_digest", "session_token", "created_at", "updated_at") VALUES ($1, $2, $3, $4, $5, $6) RETURNING "id"[0m  [["name", "emina"], ["email", "emina@hotmail.com"], ["password_digest", "$2a$12$XS6IyvlJ5l7qZc5oUTzhjOX6eyMJYp8ORW77UEINdakJqRmZzipL."], ["session_token", "KhQP-AHmIOB7aaFlV2ebZg"], ["created_at", "2020-06-02 14:55:04.182022"], ["updated_at", "2020-06-02 14:55:04.182022"]]
  [1m[35m (4.4ms)[0m  [1m[35mCOMMIT[0m
  [1m[36mUser Load (0.5ms)[0m  [1m[34mSELECT  "users".* FROM "users" ORDER BY "users"."id" ASC LIMIT $1[0m  [["LIMIT", 1]]
  [1m[36mUser Load (0.6ms)[0m  [1m[34mSELECT "users".* FROM "users"[0m
  [1m[35m (0.2ms)[0m  [1m[35mBEGIN[0m
  [1m[36mUser Exists (1.6ms)[0m  [1m[34mSELECT  1 AS one FROM "users" WHERE "users"."email" = $1 LIMIT $2[0m  [["email", "emina"], ["LIMIT", 1]]
  [1m[36mUser Exists (0.5ms)[0m  [1m[34mSELECT  1 AS one FROM "users" WHERE "users"."session_token" = $1 LIMIT $2[0m  [["session_token", "-KQGkyoVazp5Oc_HPsc4Zg"], ["LIMIT", 1]]
  [1m[35m (1.2ms)[0m  [1m[31mROLLBACK[0m
  [1m[35m (0.2ms)[0m  [1m[35mBEGIN[0m
  [1m[36mUser Exists (0.5ms)[0m  [1m[34mSELECT  1 AS one FROM "users" WHERE "users"."email" = $1 LIMIT $2[0m  [["email", "emina"], ["LIMIT", 1]]
  [1m[36mUser Exists (3.4ms)[0m  [1m[34mSELECT  1 AS one FROM "users" WHERE "users"."session_token" = $1 LIMIT $2[0m  [["session_token", "VrY1KwB7aIqTx5WgmMZLxQ"], ["LIMIT", 1]]
  [1m[35m (0.3ms)[0m  [1m[31mROLLBACK[0m
  [1m[36mUser Load (2.0ms)[0m  [1m[34mSELECT "users".* FROM "users"[0m
  [1m[35m (0.2ms)[0m  [1m[35mBEGIN[0m
  [1m[36mUser Exists (0.3ms)[0m  [1m[34mSELECT  1 AS one FROM "users" WHERE "users"."email" = $1 LIMIT $2[0m  [["email", "test@hotmail.com"], ["LIMIT", 1]]
  [1m[36mUser Exists (0.3ms)[0m  [1m[34mSELECT  1 AS one FROM "users" WHERE "users"."session_token" = $1 LIMIT $2[0m  [["session_token", "0_3oJp1JyrQcavqMFt-Yww"], ["LIMIT", 1]]
  [1m[36mUser Create (0.5ms)[0m  [1m[32mINSERT INTO "users" ("name", "email", "password_digest", "session_token", "created_at", "updated_at") VALUES ($1, $2, $3, $4, $5, $6) RETURNING "id"[0m  [["name", "emina"], ["email", "test@hotmail.com"], ["password_digest", "$2a$12$AGSS2pRnJEYkj85Z77vG8uaHElZppxPKq61VjeuzJAzh46KXvE94e"], ["session_token", "0_3oJp1JyrQcavqMFt-Yww"], ["created_at", "2020-06-02 15:43:35.366734"], ["updated_at", "2020-06-02 15:43:35.366734"]]
  [1m[35m (1.5ms)[0m  [1m[35mCOMMIT[0m
  [1m[36mUser Load (1.5ms)[0m  [1m[34mSELECT "users".* FROM "users"[0m
Started GET "/" for ::1 at 2020-06-02 12:28:13 -0400
  [1m[35m (2.4ms)[0m  [1m[34mSELECT "schema_migrations"."version" FROM "schema_migrations" ORDER BY "schema_migrations"."version" ASC[0m
  ↳ /Users/ramiabdelghafar/.rbenv/versions/2.5.1/lib/ruby/gems/2.5.0/gems/activerecord-5.2.4.3/lib/active_record/log_subscriber.rb:98
Processing by StaticPagesController#root as HTML
  Rendering static_pages/root.html.erb within layouts/application
  [1m[36mUser Load (0.5ms)[0m  [1m[34mSELECT  "users".* FROM "users" WHERE "users"."session_token" IS NULL LIMIT $1[0m  [["LIMIT", 1]]
  ↳ app/controllers/application_controller.rb:5
  Rendered static_pages/root.html.erb within layouts/application (13.7ms)
Completed 200 OK in 1064ms (Views: 1058.8ms | ActiveRecord: 2.3ms)


Started GET "/" for ::1 at 2020-06-02 12:28:47 -0400
Processing by StaticPagesController#root as HTML
  Rendering static_pages/root.html.erb within layouts/application
  [1m[36mUser Load (0.3ms)[0m  [1m[34mSELECT  "users".* FROM "users" WHERE "users"."session_token" IS NULL LIMIT $1[0m  [["LIMIT", 1]]
  ↳ app/controllers/application_controller.rb:5
  Rendered static_pages/root.html.erb within layouts/application (2.8ms)
Completed 200 OK in 39ms (Views: 36.5ms | ActiveRecord: 0.3ms)


Started GET "/" for ::1 at 2020-06-02 12:30:54 -0400
Processing by StaticPagesController#root as HTML
  Rendering static_pages/root.html.erb within layouts/application
  [1m[36mUser Load (0.3ms)[0m  [1m[34mSELECT  "users".* FROM "users" WHERE "users"."session_token" IS NULL LIMIT $1[0m  [["LIMIT", 1]]
  ↳ app/controllers/application_controller.rb:5
  Rendered static_pages/root.html.erb within layouts/application (2.0ms)
Completed 200 OK in 33ms (Views: 30.1ms | ActiveRecord: 0.3ms)


Started GET "/" for ::1 at 2020-06-02 12:36:41 -0400
Processing by StaticPagesController#root as HTML
  Rendering static_pages/root.html.erb within layouts/application
  [1m[36mUser Load (0.8ms)[0m  [1m[34mSELECT  "users".* FROM "users" WHERE "users"."session_token" IS NULL LIMIT $1[0m  [["LIMIT", 1]]
  ↳ app/controllers/application_controller.rb:5
  Rendered static_pages/root.html.erb within layouts/application (11.4ms)
Completed 200 OK in 77ms (Views: 72.6ms | ActiveRecord: 1.1ms)


Started GET "/" for ::1 at 2020-06-02 12:39:20 -0400
Processing by StaticPagesController#root as HTML
  Rendering static_pages/root.html.erb within layouts/application
  [1m[36mUser Load (0.5ms)[0m  [1m[34mSELECT  "users".* FROM "users" WHERE "users"."session_token" IS NULL LIMIT $1[0m  [["LIMIT", 1]]
  ↳ app/controllers/application_controller.rb:5
  Rendered static_pages/root.html.erb within layouts/application (3.1ms)
Completed 200 OK in 35ms (Views: 30.9ms | ActiveRecord: 0.5ms)


Started GET "/" for ::1 at 2020-06-02 12:41:27 -0400
Processing by StaticPagesController#root as HTML
  Rendering static_pages/root.html.erb within layouts/application
  [1m[36mUser Load (0.3ms)[0m  [1m[34mSELECT  "users".* FROM "users" WHERE "users"."session_token" IS NULL LIMIT $1[0m  [["LIMIT", 1]]
  ↳ app/controllers/application_controller.rb:5
  Rendered static_pages/root.html.erb within layouts/application (2.5ms)
Completed 200 OK in 36ms (Views: 32.3ms | ActiveRecord: 0.3ms)


Started POST "/api/user" for ::1 at 2020-06-02 12:41:41 -0400
  
ActionController::RoutingError (No route matches [POST] "/api/user"):
  
actionpack (5.2.4.3) lib/action_dispatch/middleware/debug_exceptions.rb:65:in `call'
web-console (3.7.0) lib/web_console/middleware.rb:135:in `call_app'
web-console (3.7.0) lib/web_console/middleware.rb:30:in `block in call'
web-console (3.7.0) lib/web_console/middleware.rb:20:in `catch'
web-console (3.7.0) lib/web_console/middleware.rb:20:in `call'
actionpack (5.2.4.3) lib/action_dispatch/middleware/show_exceptions.rb:33:in `call'
railties (5.2.4.3) lib/rails/rack/logger.rb:38:in `call_app'
railties (5.2.4.3) lib/rails/rack/logger.rb:26:in `block in call'
activesupport (5.2.4.3) lib/active_support/tagged_logging.rb:71:in `block in tagged'
activesupport (5.2.4.3) lib/active_support/tagged_logging.rb:28:in `tagged'
activesupport (5.2.4.3) lib/active_support/tagged_logging.rb:71:in `tagged'
railties (5.2.4.3) lib/rails/rack/logger.rb:26:in `call'
sprockets-rails (3.2.1) lib/sprockets/rails/quiet_assets.rb:13:in `call'
actionpack (5.2.4.3) lib/action_dispatch/middleware/remote_ip.rb:81:in `call'
actionpack (5.2.4.3) lib/action_dispatch/middleware/request_id.rb:27:in `call'
rack (2.2.2) lib/rack/method_override.rb:24:in `call'
rack (2.2.2) lib/rack/runtime.rb:22:in `call'
activesupport (5.2.4.3) lib/active_support/cache/strategy/local_cache_middleware.rb:29:in `call'
actionpack (5.2.4.3) lib/action_dispatch/middleware/executor.rb:14:in `call'
actionpack (5.2.4.3) lib/action_dispatch/middleware/static.rb:127:in `call'
rack (2.2.2) lib/rack/sendfile.rb:110:in `call'
railties (5.2.4.3) lib/rails/engine.rb:524:in `call'
puma (3.12.6) lib/puma/configuration.rb:227:in `call'
puma (3.12.6) lib/puma/server.rb:706:in `handle_request'
puma (3.12.6) lib/puma/server.rb:476:in `process_client'
puma (3.12.6) lib/puma/server.rb:334:in `block in run'
puma (3.12.6) lib/puma/thread_pool.rb:135:in `block in spawn_thread'
Started POST "/api/session" for ::1 at 2020-06-02 12:42:09 -0400
Processing by Api::SessionsController#create as JSON
  Parameters: {"user"=>{"email"=>"test@hotmail.com", "name"=>"Emina", "password"=>"[FILTERED]"}}
  [1m[36mUser Load (0.5ms)[0m  [1m[34mSELECT  "users".* FROM "users" WHERE "users"."email" = $1 LIMIT $2[0m  [["email", "test@hotmail.com"], ["LIMIT", 1]]
  ↳ app/models/user.rb:34
Completed 401 Unauthorized in 226ms (Views: 0.3ms | ActiveRecord: 6.9ms)


Started GET "/" for ::1 at 2020-06-02 12:43:01 -0400
Processing by StaticPagesController#root as HTML
  Rendering static_pages/root.html.erb within layouts/application
  [1m[36mUser Load (0.3ms)[0m  [1m[34mSELECT  "users".* FROM "users" WHERE "users"."session_token" IS NULL LIMIT $1[0m  [["LIMIT", 1]]
  ↳ app/controllers/application_controller.rb:5
  Rendered static_pages/root.html.erb within layouts/application (2.2ms)
Completed 200 OK in 37ms (Views: 33.0ms | ActiveRecord: 0.3ms)


Started GET "/" for ::1 at 2020-06-02 12:44:34 -0400
Processing by StaticPagesController#root as HTML
  Rendering static_pages/root.html.erb within layouts/application
  [1m[36mUser Load (0.3ms)[0m  [1m[34mSELECT  "users".* FROM "users" WHERE "users"."session_token" IS NULL LIMIT $1[0m  [["LIMIT", 1]]
  ↳ app/controllers/application_controller.rb:5
  Rendered static_pages/root.html.erb within layouts/application (1.9ms)
Completed 200 OK in 196ms (Views: 192.9ms | ActiveRecord: 0.3ms)


Started POST "/api/users" for ::1 at 2020-06-02 12:44:42 -0400
Processing by Api::UsersController#create as JSON
  Parameters: {"user"=>{"email"=>"test@hotmail.com", "name"=>"Emina", "password"=>"[FILTERED]"}}
Completed 500 Internal Server Error in 143ms (ActiveRecord: 0.0ms)



NameError - undefined local variable or method `private' for #<Api::UsersController:0x00007f88be363460>
Did you mean?  print:
  app/controllers/api/users_controller.rb:14:in `create'

Started GET "/" for ::1 at 2020-06-02 12:56:41 -0400
  [1m[35m (2.0ms)[0m  [1m[34mSELECT "schema_migrations"."version" FROM "schema_migrations" ORDER BY "schema_migrations"."version" ASC[0m
  ↳ /Users/ramiabdelghafar/.rbenv/versions/2.5.1/lib/ruby/gems/2.5.0/gems/activerecord-5.2.4.3/lib/active_record/log_subscriber.rb:98
Processing by StaticPagesController#root as HTML
  Rendering static_pages/root.html.erb within layouts/application
  [1m[36mUser Load (0.6ms)[0m  [1m[34mSELECT  "users".* FROM "users" WHERE "users"."session_token" IS NULL LIMIT $1[0m  [["LIMIT", 1]]
  ↳ app/controllers/application_controller.rb:5
  Rendered static_pages/root.html.erb within layouts/application (16.6ms)
Completed 200 OK in 1825ms (Views: 1818.7ms | ActiveRecord: 2.9ms)


Started POST "/api/users" for ::1 at 2020-06-02 12:57:44 -0400
Processing by Api::UsersController#create as JSON
  Parameters: {"user"=>{"email"=>"test@test.com", "name"=>"Test", "password"=>"[FILTERED]"}}
Completed 500 Internal Server Error in 152ms (ActiveRecord: 0.0ms)



NameError - undefined local variable or method `private' for #<Api::UsersController:0x00007fac2ff78770>
Did you mean?  print:
  app/controllers/api/users_controller.rb:14:in `create'

Started POST "/api/session" for ::1 at 2020-06-02 12:57:58 -0400
Processing by Api::SessionsController#create as JSON
  Parameters: {"user"=>{"email"=>"test@test.com", "name"=>"Test", "password"=>"[FILTERED]"}}
  [1m[36mUser Load (0.4ms)[0m  [1m[34mSELECT  "users".* FROM "users" WHERE "users"."email" = $1 LIMIT $2[0m  [["email", "test@test.com"], ["LIMIT", 1]]
  ↳ app/models/user.rb:34
Completed 401 Unauthorized in 5ms (Views: 0.2ms | ActiveRecord: 0.4ms)


Started DELETE "/api/session" for ::1 at 2020-06-02 12:58:55 -0400
Processing by Api::SessionsController#destroy as JSON
  [1m[36mUser Load (0.4ms)[0m  [1m[34mSELECT  "users".* FROM "users" WHERE "users"."session_token" IS NULL LIMIT $1[0m  [["LIMIT", 1]]
  ↳ app/controllers/application_controller.rb:5
Completed 404 Not Found in 2ms (Views: 0.1ms | ActiveRecord: 0.4ms)


Started DELETE "/api/session" for ::1 at 2020-06-02 12:59:20 -0400
Processing by Api::SessionsController#destroy as JSON
  [1m[36mUser Load (0.4ms)[0m  [1m[34mSELECT  "users".* FROM "users" WHERE "users"."session_token" IS NULL LIMIT $1[0m  [["LIMIT", 1]]
  ↳ app/controllers/application_controller.rb:5
Completed 404 Not Found in 3ms (Views: 0.2ms | ActiveRecord: 0.4ms)


  [1m[36mUser Load (0.7ms)[0m  [1m[34mSELECT "users".* FROM "users"[0m
  [1m[35m (0.2ms)[0m  [1m[35mBEGIN[0m
  [1m[36mUser Exists (1.5ms)[0m  [1m[34mSELECT  1 AS one FROM "users" WHERE "users"."email" = $1 LIMIT $2[0m  [["email", "test1@test1.com"], ["LIMIT", 1]]
  [1m[36mUser Exists (0.4ms)[0m  [1m[34mSELECT  1 AS one FROM "users" WHERE "users"."session_token" = $1 LIMIT $2[0m  [["session_token", "uT4UWr8ASv6Gp4p1CNAqrg"], ["LIMIT", 1]]
  [1m[36mUser Create (2.2ms)[0m  [1m[32mINSERT INTO "users" ("name", "email", "password_digest", "session_token", "created_at", "updated_at") VALUES ($1, $2, $3, $4, $5, $6) RETURNING "id"[0m  [["name", "Test"], ["email", "test1@test1.com"], ["password_digest", "$2a$12$awtiS/DcHxGbCP/hWc4mQ.vaGZmcIQnBQI5AFsMpdzIShgAOJf.ai"], ["session_token", "uT4UWr8ASv6Gp4p1CNAqrg"], ["created_at", "2020-06-02 17:03:05.585435"], ["updated_at", "2020-06-02 17:03:05.585435"]]
  [1m[35m (5.2ms)[0m  [1m[35mCOMMIT[0m
  [1m[36mUser Load (0.5ms)[0m  [1m[34mSELECT  "users".* FROM "users" ORDER BY "users"."id" DESC LIMIT $1[0m  [["LIMIT", 1]]
Started GET "/" for ::1 at 2020-06-02 13:07:20 -0400
Processing by StaticPagesController#root as HTML
  Rendering static_pages/root.html.erb within layouts/application
  [1m[36mUser Load (0.5ms)[0m  [1m[34mSELECT  "users".* FROM "users" WHERE "users"."session_token" IS NULL LIMIT $1[0m  [["LIMIT", 1]]
  ↳ app/controllers/application_controller.rb:5
  Rendered static_pages/root.html.erb within layouts/application (12.1ms)
Completed 200 OK in 38ms (Views: 33.1ms | ActiveRecord: 4.7ms)


Started POST "/api/users" for ::1 at 2020-06-02 13:07:44 -0400
Processing by Api::UsersController#create as JSON
  Parameters: {"user"=>{"email"=>"test@test.com", "name"=>"Test", "password"=>"[FILTERED]"}}
Completed 500 Internal Server Error in 285ms (ActiveRecord: 0.0ms)



NameError - undefined local variable or method `private' for #<Api::UsersController:0x00007fac359ef208>
Did you mean?  print:
  app/controllers/api/users_controller.rb:14:in `create'

  [1m[36mUser Load (1.0ms)[0m  [1m[34mSELECT "users".* FROM "users"[0m
Started GET "/" for ::1 at 2020-06-02 14:44:34 -0400
Processing by StaticPagesController#root as HTML
  Rendering static_pages/root.html.erb within layouts/application
  [1m[36mUser Load (0.6ms)[0m  [1m[34mSELECT  "users".* FROM "users" WHERE "users"."session_token" IS NULL LIMIT $1[0m  [["LIMIT", 1]]
  ↳ app/controllers/application_controller.rb:5
  Rendered static_pages/root.html.erb within layouts/application (17.6ms)
Completed 200 OK in 55ms (Views: 48.7ms | ActiveRecord: 5.7ms)


Started GET "/" for ::1 at 2020-06-02 14:44:37 -0400
Processing by StaticPagesController#root as HTML
  Rendering static_pages/root.html.erb within layouts/application
  [1m[36mUser Load (0.4ms)[0m  [1m[34mSELECT  "users".* FROM "users" WHERE "users"."session_token" IS NULL LIMIT $1[0m  [["LIMIT", 1]]
  ↳ app/controllers/application_controller.rb:5
  Rendered static_pages/root.html.erb within layouts/application (2.4ms)
Completed 200 OK in 31ms (Views: 30.5ms | ActiveRecord: 0.4ms)


Started POST "/api/users" for ::1 at 2020-06-02 14:45:20 -0400

SyntaxError - syntax error, unexpected ')', expecting keyword_end
              log_in!@user)
                          ^:
  app/controllers/api/users_controller.rb:7:in `'

Started GET "/" for ::1 at 2020-06-02 14:46:54 -0400
Processing by StaticPagesController#root as HTML
  Rendering static_pages/root.html.erb within layouts/application
  [1m[36mUser Load (0.3ms)[0m  [1m[34mSELECT  "users".* FROM "users" WHERE "users"."session_token" IS NULL LIMIT $1[0m  [["LIMIT", 1]]
  ↳ app/controllers/application_controller.rb:5
  Rendered static_pages/root.html.erb within layouts/application (8.6ms)
Completed 200 OK in 47ms (Views: 44.1ms | ActiveRecord: 2.8ms)


Started POST "/api/users" for ::1 at 2020-06-02 14:47:00 -0400
Processing by Api::UsersController#create as JSON
  Parameters: {"user"=>{"email"=>"test@test.com", "name"=>"Test", "password"=>"[FILTERED]"}}
Completed 500 Internal Server Error in 181ms (ActiveRecord: 0.0ms)



NameError - undefined local variable or method `private' for #<Api::UsersController:0x00007fac2dd40748>
Did you mean?  print:
  app/controllers/api/users_controller.rb:14:in `create'

Started GET "/" for ::1 at 2020-06-02 14:47:50 -0400
Processing by StaticPagesController#root as HTML
  Rendering static_pages/root.html.erb within layouts/application
  [1m[36mUser Load (0.2ms)[0m  [1m[34mSELECT  "users".* FROM "users" WHERE "users"."session_token" IS NULL LIMIT $1[0m  [["LIMIT", 1]]
  ↳ app/controllers/application_controller.rb:5
  Rendered static_pages/root.html.erb within layouts/application (9.2ms)
Completed 200 OK in 38ms (Views: 36.4ms | ActiveRecord: 1.8ms)


Started POST "/api/users" for ::1 at 2020-06-02 14:47:55 -0400
Processing by Api::UsersController#create as JSON
  Parameters: {"user"=>{"email"=>"test@test.com", "name"=>"Test", "password"=>"[FILTERED]"}}
No template found for Api::UsersController#create, rendering head :no_content
Completed 204 No Content in 102ms (ActiveRecord: 0.0ms)


Started POST "/api/session" for ::1 at 2020-06-02 14:48:07 -0400
Processing by Api::SessionsController#create as JSON
  Parameters: {"user"=>{"email"=>"test@test.com", "name"=>"Test", "password"=>"[FILTERED]"}}
  [1m[36mUser Load (0.5ms)[0m  [1m[34mSELECT  "users".* FROM "users" WHERE "users"."email" = $1 LIMIT $2[0m  [["email", "test@test.com"], ["LIMIT", 1]]
  ↳ app/models/user.rb:34
Completed 401 Unauthorized in 4ms (Views: 0.3ms | ActiveRecord: 0.5ms)


Started GET "/" for ::1 at 2020-06-02 14:52:48 -0400
Processing by StaticPagesController#root as HTML
  Rendering static_pages/root.html.erb within layouts/application
  [1m[36mUser Load (0.5ms)[0m  [1m[34mSELECT  "users".* FROM "users" WHERE "users"."session_token" IS NULL LIMIT $1[0m  [["LIMIT", 1]]
  ↳ app/controllers/application_controller.rb:5
  Rendered static_pages/root.html.erb within layouts/application (9.9ms)
Completed 200 OK in 38ms (Views: 34.6ms | ActiveRecord: 2.8ms)


Started GET "/" for ::1 at 2020-06-02 14:52:49 -0400
Processing by StaticPagesController#root as HTML
  Rendering static_pages/root.html.erb within layouts/application
  [1m[36mUser Load (0.4ms)[0m  [1m[34mSELECT  "users".* FROM "users" WHERE "users"."session_token" IS NULL LIMIT $1[0m  [["LIMIT", 1]]
  ↳ app/controllers/application_controller.rb:5
  Rendered static_pages/root.html.erb within layouts/application (2.7ms)
Completed 200 OK in 40ms (Views: 39.2ms | ActiveRecord: 0.4ms)


Started POST "/api/users" for ::1 at 2020-06-02 14:53:13 -0400
Processing by Api::UsersController#create as JSON
  Parameters: {"user"=>{"email"=>"test@hotmail.com", "name"=>"Test", "password"=>"[FILTERED]"}}
Completed 500 Internal Server Error in 239ms (ActiveRecord: 0.0ms)



NameError - undefined local variable or method `private' for #<Api::UsersController:0x00007fac36977c48>
Did you mean?  print:
  app/controllers/api/users_controller.rb:14:in `create'

Started GET "/" for ::1 at 2020-06-02 14:57:31 -0400
  [1m[35m (2.9ms)[0m  [1m[34mSELECT "schema_migrations"."version" FROM "schema_migrations" ORDER BY "schema_migrations"."version" ASC[0m
  ↳ /Users/ramiabdelghafar/.rbenv/versions/2.5.1/lib/ruby/gems/2.5.0/gems/activerecord-5.2.4.3/lib/active_record/log_subscriber.rb:98
Processing by StaticPagesController#root as HTML
  Rendering static_pages/root.html.erb within layouts/application
  [1m[36mUser Load (0.6ms)[0m  [1m[34mSELECT  "users".* FROM "users" WHERE "users"."session_token" IS NULL LIMIT $1[0m  [["LIMIT", 1]]
  ↳ app/controllers/application_controller.rb:5
  Rendered static_pages/root.html.erb within layouts/application (16.5ms)
Completed 200 OK in 931ms (Views: 927.2ms | ActiveRecord: 3.0ms)


Started POST "/api/users" for ::1 at 2020-06-02 14:57:55 -0400
Processing by Api::UsersController#create as JSON
  Parameters: {"user"=>{"email"=>"test@hotmail.com", "name"=>"Test", "password"=>"[FILTERED]"}}
  [1m[35m (0.2ms)[0m  [1m[35mBEGIN[0m
  ↳ app/controllers/api/users_controller.rb:5
  [1m[36mUser Exists (1.7ms)[0m  [1m[34mSELECT  1 AS one FROM "users" WHERE "users"."email" = $1 LIMIT $2[0m  [["email", "test@hotmail.com"], ["LIMIT", 1]]
  ↳ app/controllers/api/users_controller.rb:5
  [1m[36mUser Exists (0.5ms)[0m  [1m[34mSELECT  1 AS one FROM "users" WHERE "users"."session_token" = $1 LIMIT $2[0m  [["session_token", "ToVCWxb6kEMWnLisb8YTYw"], ["LIMIT", 1]]
  ↳ app/controllers/api/users_controller.rb:5
  [1m[35m (0.2ms)[0m  [1m[31mROLLBACK[0m
  ↳ app/controllers/api/users_controller.rb:5
Completed 422 Unprocessable Entity in 238ms (Views: 0.2ms | ActiveRecord: 8.9ms)


  [1m[36mUser Load (2.0ms)[0m  [1m[34mSELECT "users".* FROM "users"[0m
Started GET "/" for ::1 at 2020-06-02 14:58:32 -0400
Processing by StaticPagesController#root as HTML
  Rendering static_pages/root.html.erb within layouts/application
  [1m[36mUser Load (0.3ms)[0m  [1m[34mSELECT  "users".* FROM "users" WHERE "users"."session_token" IS NULL LIMIT $1[0m  [["LIMIT", 1]]
  ↳ app/controllers/application_controller.rb:5
  Rendered static_pages/root.html.erb within layouts/application (1.9ms)
Completed 200 OK in 27ms (Views: 26.6ms | ActiveRecord: 0.3ms)


Started POST "/api/users" for ::1 at 2020-06-02 14:59:16 -0400
Processing by Api::UsersController#create as JSON
  Parameters: {"user"=>{"email"=>"this@is.diff", "name"=>"please", "password"=>"[FILTERED]"}}
  [1m[35m (0.2ms)[0m  [1m[35mBEGIN[0m
  ↳ app/controllers/api/users_controller.rb:5
  [1m[36mUser Exists (0.4ms)[0m  [1m[34mSELECT  1 AS one FROM "users" WHERE "users"."email" = $1 LIMIT $2[0m  [["email", "this@is.diff"], ["LIMIT", 1]]
  ↳ app/controllers/api/users_controller.rb:5
  [1m[36mUser Exists (0.6ms)[0m  [1m[34mSELECT  1 AS one FROM "users" WHERE "users"."session_token" = $1 LIMIT $2[0m  [["session_token", "8LzHnN4GNl12Wwz4r_7LSQ"], ["LIMIT", 1]]
  ↳ app/controllers/api/users_controller.rb:5
  [1m[36mUser Create (1.9ms)[0m  [1m[32mINSERT INTO "users" ("name", "email", "password_digest", "session_token", "created_at", "updated_at") VALUES ($1, $2, $3, $4, $5, $6) RETURNING "id"[0m  [["name", "please"], ["email", "this@is.diff"], ["password_digest", "$2a$12$n1UUoncmvZ.Kg5.FaWbq3OyG0QedxZNCJByVWan0pgeh8HD7uc/XG"], ["session_token", "8LzHnN4GNl12Wwz4r_7LSQ"], ["created_at", "2020-06-02 18:59:16.374059"], ["updated_at", "2020-06-02 18:59:16.374059"]]
  ↳ app/controllers/api/users_controller.rb:5
  [1m[35m (1.3ms)[0m  [1m[35mCOMMIT[0m
  ↳ app/controllers/api/users_controller.rb:5
  [1m[35m (0.1ms)[0m  [1m[35mBEGIN[0m
  ↳ app/models/user.rb:29
  [1m[36mUser Exists (1.0ms)[0m  [1m[34mSELECT  1 AS one FROM "users" WHERE "users"."email" = $1 AND "users"."id" != $2 LIMIT $3[0m  [["email", "this@is.diff"], ["id", 4], ["LIMIT", 1]]
  ↳ app/models/user.rb:29
  [1m[36mUser Exists (0.3ms)[0m  [1m[34mSELECT  1 AS one FROM "users" WHERE "users"."session_token" = $1 AND "users"."id" != $2 LIMIT $3[0m  [["session_token", "A3rTYrBtu33JshIYtEj7Dg"], ["id", 4], ["LIMIT", 1]]
  ↳ app/models/user.rb:29
  [1m[36mUser Update (2.9ms)[0m  [1m[33mUPDATE "users" SET "session_token" = $1, "updated_at" = $2 WHERE "users"."id" = $3[0m  [["session_token", "A3rTYrBtu33JshIYtEj7Dg"], ["updated_at", "2020-06-02 18:59:16.382143"], ["id", 4]]
  ↳ app/models/user.rb:29
  [1m[35m (0.3ms)[0m  [1m[35mCOMMIT[0m
  ↳ app/models/user.rb:29
  Rendering api/users/show.json.jbuilder
  Rendered api/users/_user.json.jbuilder (0.4ms)
  Rendered api/users/show.json.jbuilder (2.4ms)
Completed 200 OK in 236ms (Views: 9.1ms | ActiveRecord: 8.8ms)


Started POST "/api/session" for ::1 at 2020-06-02 14:59:23 -0400
Processing by Api::SessionsController#create as JSON
  Parameters: {"user"=>{"email"=>"this@is.diff", "name"=>"please", "password"=>"[FILTERED]"}}
  [1m[36mUser Load (0.3ms)[0m  [1m[34mSELECT  "users".* FROM "users" WHERE "users"."email" = $1 LIMIT $2[0m  [["email", "this@is.diff"], ["LIMIT", 1]]
  ↳ app/models/user.rb:34
  [1m[35m (0.2ms)[0m  [1m[35mBEGIN[0m
  ↳ app/models/user.rb:29
  [1m[36mUser Exists (0.3ms)[0m  [1m[34mSELECT  1 AS one FROM "users" WHERE "users"."email" = $1 AND "users"."id" != $2 LIMIT $3[0m  [["email", "this@is.diff"], ["id", 4], ["LIMIT", 1]]
  ↳ app/models/user.rb:29
  [1m[36mUser Exists (0.3ms)[0m  [1m[34mSELECT  1 AS one FROM "users" WHERE "users"."session_token" = $1 AND "users"."id" != $2 LIMIT $3[0m  [["session_token", "HtG3FEcffx6lKt_iCu-Mcg"], ["id", 4], ["LIMIT", 1]]
  ↳ app/models/user.rb:29
  [1m[36mUser Update (0.3ms)[0m  [1m[33mUPDATE "users" SET "session_token" = $1, "updated_at" = $2 WHERE "users"."id" = $3[0m  [["session_token", "HtG3FEcffx6lKt_iCu-Mcg"], ["updated_at", "2020-06-02 18:59:23.498771"], ["id", 4]]
  ↳ app/models/user.rb:29
  [1m[35m (0.5ms)[0m  [1m[35mCOMMIT[0m
  ↳ app/models/user.rb:29
  Rendering api/users/show.json.jbuilder
  Rendered api/users/_user.json.jbuilder (0.7ms)
  Rendered api/users/show.json.jbuilder (1.7ms)
Completed 200 OK in 230ms (Views: 8.6ms | ActiveRecord: 1.9ms)


Started GET "/" for ::1 at 2020-06-02 14:59:34 -0400
Processing by StaticPagesController#root as HTML
  Rendering static_pages/root.html.erb within layouts/application
  [1m[36mUser Load (0.4ms)[0m  [1m[34mSELECT  "users".* FROM "users" WHERE "users"."session_token" = $1 LIMIT $2[0m  [["session_token", "HtG3FEcffx6lKt_iCu-Mcg"], ["LIMIT", 1]]
  ↳ app/controllers/application_controller.rb:5
  Rendered api/users/_user.json.jbuilder (0.4ms)
  Rendered static_pages/root.html.erb within layouts/application (6.4ms)
Completed 200 OK in 39ms (Views: 38.0ms | ActiveRecord: 0.4ms)


Started DELETE "/api/session" for ::1 at 2020-06-02 14:59:57 -0400
Processing by Api::SessionsController#destroy as JSON
  [1m[36mUser Load (0.7ms)[0m  [1m[34mSELECT  "users".* FROM "users" WHERE "users"."session_token" = $1 LIMIT $2[0m  [["session_token", "HtG3FEcffx6lKt_iCu-Mcg"], ["LIMIT", 1]]
  ↳ app/controllers/application_controller.rb:5
  [1m[35m (0.2ms)[0m  [1m[35mBEGIN[0m
  ↳ app/models/user.rb:29
  [1m[36mUser Exists (0.5ms)[0m  [1m[34mSELECT  1 AS one FROM "users" WHERE "users"."email" = $1 AND "users"."id" != $2 LIMIT $3[0m  [["email", "this@is.diff"], ["id", 4], ["LIMIT", 1]]
  ↳ app/models/user.rb:29
  [1m[36mUser Exists (0.6ms)[0m  [1m[34mSELECT  1 AS one FROM "users" WHERE "users"."session_token" = $1 AND "users"."id" != $2 LIMIT $3[0m  [["session_token", "BH4lUA_o-1nbBodvfOKnsQ"], ["id", 4], ["LIMIT", 1]]
  ↳ app/models/user.rb:29
  [1m[36mUser Update (0.5ms)[0m  [1m[33mUPDATE "users" SET "session_token" = $1, "updated_at" = $2 WHERE "users"."id" = $3[0m  [["session_token", "BH4lUA_o-1nbBodvfOKnsQ"], ["updated_at", "2020-06-02 18:59:57.997887"], ["id", 4]]
  ↳ app/models/user.rb:29
  [1m[35m (0.5ms)[0m  [1m[35mCOMMIT[0m
  ↳ app/models/user.rb:29
  Rendering api/users/show.json.jbuilder
  Rendered api/users/_user.json.jbuilder (0.3ms)
  Rendered api/users/show.json.jbuilder (2.1ms)
Completed 200 OK in 22ms (Views: 10.6ms | ActiveRecord: 2.9ms)


Started GET "/" for ::1 at 2020-06-02 15:00:03 -0400
Processing by StaticPagesController#root as HTML
  Rendering static_pages/root.html.erb within layouts/application
  [1m[36mUser Load (0.3ms)[0m  [1m[34mSELECT  "users".* FROM "users" WHERE "users"."session_token" IS NULL LIMIT $1[0m  [["LIMIT", 1]]
  ↳ app/controllers/application_controller.rb:5
  Rendered static_pages/root.html.erb within layouts/application (2.2ms)
Completed 200 OK in 34ms (Views: 33.7ms | ActiveRecord: 0.3ms)


Started GET "/" for ::1 at 2020-06-02 17:27:19 -0400
Processing by StaticPagesController#root as HTML
  Rendering static_pages/root.html.erb within layouts/application
  [1m[36mUser Load (0.5ms)[0m  [1m[34mSELECT  "users".* FROM "users" WHERE "users"."session_token" IS NULL LIMIT $1[0m  [["LIMIT", 1]]
  ↳ app/controllers/application_controller.rb:5
  Rendered static_pages/root.html.erb within layouts/application (15.1ms)
Completed 200 OK in 303ms (Views: 298.5ms | ActiveRecord: 4.5ms)


Started GET "/" for ::1 at 2020-06-02 18:57:33 -0400
Processing by StaticPagesController#root as HTML
  Rendering static_pages/root.html.erb within layouts/application
  [1m[36mUser Load (0.7ms)[0m  [1m[34mSELECT  "users".* FROM "users" WHERE "users"."session_token" IS NULL LIMIT $1[0m  [["LIMIT", 1]]
  ↳ app/controllers/application_controller.rb:5
  Rendered static_pages/root.html.erb within layouts/application (8.7ms)
Completed 200 OK in 348ms (Views: 345.8ms | ActiveRecord: 1.0ms)


Started GET "/" for ::1 at 2020-06-02 19:59:00 -0400
Processing by StaticPagesController#root as HTML
  Rendering static_pages/root.html.erb within layouts/application
  [1m[36mUser Load (0.6ms)[0m  [1m[34mSELECT  "users".* FROM "users" WHERE "users"."session_token" IS NULL LIMIT $1[0m  [["LIMIT", 1]]
  ↳ app/controllers/application_controller.rb:5
  Rendered static_pages/root.html.erb within layouts/application (12.1ms)
Completed 200 OK in 335ms (Views: 333.0ms | ActiveRecord: 0.8ms)


Started GET "/" for ::1 at 2020-06-02 20:06:09 -0400
Processing by StaticPagesController#root as HTML
  Rendering static_pages/root.html.erb within layouts/application
  [1m[36mUser Load (0.5ms)[0m  [1m[34mSELECT  "users".* FROM "users" WHERE "users"."session_token" IS NULL LIMIT $1[0m  [["LIMIT", 1]]
  ↳ app/controllers/application_controller.rb:5
  Rendered static_pages/root.html.erb within layouts/application (3.0ms)
Completed 200 OK in 235ms (Views: 234.0ms | ActiveRecord: 0.7ms)


Started GET "/" for ::1 at 2020-06-02 20:06:33 -0400
Processing by StaticPagesController#root as HTML
  Rendering static_pages/root.html.erb within layouts/application
  [1m[36mUser Load (0.4ms)[0m  [1m[34mSELECT  "users".* FROM "users" WHERE "users"."session_token" IS NULL LIMIT $1[0m  [["LIMIT", 1]]
  ↳ app/controllers/application_controller.rb:5
  Rendered static_pages/root.html.erb within layouts/application (1.9ms)
Completed 200 OK in 22ms (Views: 21.0ms | ActiveRecord: 0.4ms)


Started GET "/" for ::1 at 2020-06-02 20:07:33 -0400
Processing by StaticPagesController#root as HTML
  Rendering static_pages/root.html.erb within layouts/application
  [1m[36mUser Load (0.3ms)[0m  [1m[34mSELECT  "users".* FROM "users" WHERE "users"."session_token" IS NULL LIMIT $1[0m  [["LIMIT", 1]]
  ↳ app/controllers/application_controller.rb:5
  Rendered static_pages/root.html.erb within layouts/application (7.5ms)
Completed 200 OK in 246ms (Views: 245.0ms | ActiveRecord: 0.3ms)


Started GET "/" for ::1 at 2020-06-02 20:07:55 -0400
Processing by StaticPagesController#root as HTML
  Rendering static_pages/root.html.erb within layouts/application
  [1m[36mUser Load (0.3ms)[0m  [1m[34mSELECT  "users".* FROM "users" WHERE "users"."session_token" IS NULL LIMIT $1[0m  [["LIMIT", 1]]
  ↳ app/controllers/application_controller.rb:5
  Rendered static_pages/root.html.erb within layouts/application (1.5ms)
Completed 200 OK in 248ms (Views: 247.5ms | ActiveRecord: 0.3ms)


Started GET "/" for ::1 at 2020-06-02 20:09:18 -0400
Processing by StaticPagesController#root as HTML
  Rendering static_pages/root.html.erb within layouts/application
  [1m[36mUser Load (0.4ms)[0m  [1m[34mSELECT  "users".* FROM "users" WHERE "users"."session_token" IS NULL LIMIT $1[0m  [["LIMIT", 1]]
  ↳ app/controllers/application_controller.rb:5
  Rendered static_pages/root.html.erb within layouts/application (2.6ms)
Completed 200 OK in 306ms (Views: 305.3ms | ActiveRecord: 0.4ms)


Started GET "/" for ::1 at 2020-06-02 20:09:24 -0400
Processing by StaticPagesController#root as HTML
  Rendering static_pages/root.html.erb within layouts/application
  [1m[36mUser Load (0.3ms)[0m  [1m[34mSELECT  "users".* FROM "users" WHERE "users"."session_token" IS NULL LIMIT $1[0m  [["LIMIT", 1]]
  ↳ app/controllers/application_controller.rb:5
  Rendered static_pages/root.html.erb within layouts/application (1.6ms)
Completed 200 OK in 18ms (Views: 17.7ms | ActiveRecord: 0.3ms)


Started GET "/" for ::1 at 2020-06-02 20:24:10 -0400
Processing by StaticPagesController#root as HTML
  Rendering static_pages/root.html.erb within layouts/application
  [1m[36mUser Load (0.8ms)[0m  [1m[34mSELECT  "users".* FROM "users" WHERE "users"."session_token" IS NULL LIMIT $1[0m  [["LIMIT", 1]]
  ↳ app/controllers/application_controller.rb:5
  Rendered static_pages/root.html.erb within layouts/application (3.3ms)
Completed 200 OK in 260ms (Views: 258.5ms | ActiveRecord: 1.1ms)


Started GET "/" for ::1 at 2020-06-02 20:24:30 -0400
Processing by StaticPagesController#root as HTML
  Rendering static_pages/root.html.erb within layouts/application
  [1m[36mUser Load (0.4ms)[0m  [1m[34mSELECT  "users".* FROM "users" WHERE "users"."session_token" IS NULL LIMIT $1[0m  [["LIMIT", 1]]
  ↳ app/controllers/application_controller.rb:5
  Rendered static_pages/root.html.erb within layouts/application (1.7ms)
Completed 200 OK in 223ms (Views: 222.2ms | ActiveRecord: 0.4ms)


Started GET "/" for ::1 at 2020-06-02 20:26:59 -0400
Processing by StaticPagesController#root as HTML
  Rendering static_pages/root.html.erb within layouts/application
  [1m[36mUser Load (0.3ms)[0m  [1m[34mSELECT  "users".* FROM "users" WHERE "users"."session_token" IS NULL LIMIT $1[0m  [["LIMIT", 1]]
  ↳ app/controllers/application_controller.rb:5
  Rendered static_pages/root.html.erb within layouts/application (1.6ms)
Completed 200 OK in 237ms (Views: 236.5ms | ActiveRecord: 0.3ms)


Started GET "/" for ::1 at 2020-06-02 20:27:18 -0400
Processing by StaticPagesController#root as HTML
  Rendering static_pages/root.html.erb within layouts/application
  [1m[36mUser Load (0.3ms)[0m  [1m[34mSELECT  "users".* FROM "users" WHERE "users"."session_token" IS NULL LIMIT $1[0m  [["LIMIT", 1]]
  ↳ app/controllers/application_controller.rb:5
  Rendered static_pages/root.html.erb within layouts/application (1.7ms)
Completed 200 OK in 235ms (Views: 234.3ms | ActiveRecord: 0.3ms)


Started GET "/" for ::1 at 2020-06-02 20:27:22 -0400
Processing by StaticPagesController#root as HTML
  Rendering static_pages/root.html.erb within layouts/application
  [1m[36mUser Load (0.3ms)[0m  [1m[34mSELECT  "users".* FROM "users" WHERE "users"."session_token" IS NULL LIMIT $1[0m  [["LIMIT", 1]]
  ↳ app/controllers/application_controller.rb:5
  Rendered static_pages/root.html.erb within layouts/application (1.5ms)
Completed 200 OK in 21ms (Views: 20.5ms | ActiveRecord: 0.3ms)


Started GET "/" for ::1 at 2020-06-02 20:27:25 -0400
Processing by StaticPagesController#root as HTML
  Rendering static_pages/root.html.erb within layouts/application
  [1m[36mUser Load (0.4ms)[0m  [1m[34mSELECT  "users".* FROM "users" WHERE "users"."session_token" IS NULL LIMIT $1[0m  [["LIMIT", 1]]
  ↳ app/controllers/application_controller.rb:5
  Rendered static_pages/root.html.erb within layouts/application (2.4ms)
Completed 200 OK in 27ms (Views: 26.0ms | ActiveRecord: 0.4ms)


Started GET "/" for ::1 at 2020-06-02 20:27:45 -0400
Processing by StaticPagesController#root as HTML
  Rendering static_pages/root.html.erb within layouts/application
  [1m[36mUser Load (0.2ms)[0m  [1m[34mSELECT  "users".* FROM "users" WHERE "users"."session_token" IS NULL LIMIT $1[0m  [["LIMIT", 1]]
  ↳ app/controllers/application_controller.rb:5
  Rendered static_pages/root.html.erb within layouts/application (1.6ms)
Completed 200 OK in 262ms (Views: 261.6ms | ActiveRecord: 0.2ms)


Started GET "/" for ::1 at 2020-06-02 20:28:08 -0400
Processing by StaticPagesController#root as HTML
  Rendering static_pages/root.html.erb within layouts/application
  [1m[36mUser Load (0.2ms)[0m  [1m[34mSELECT  "users".* FROM "users" WHERE "users"."session_token" IS NULL LIMIT $1[0m  [["LIMIT", 1]]
  ↳ app/controllers/application_controller.rb:5
  Rendered static_pages/root.html.erb within layouts/application (2.0ms)
Completed 200 OK in 261ms (Views: 260.9ms | ActiveRecord: 0.2ms)


Started GET "/" for ::1 at 2020-06-02 20:28:18 -0400
Processing by StaticPagesController#root as HTML
  Rendering static_pages/root.html.erb within layouts/application
  [1m[36mUser Load (0.2ms)[0m  [1m[34mSELECT  "users".* FROM "users" WHERE "users"."session_token" IS NULL LIMIT $1[0m  [["LIMIT", 1]]
  ↳ app/controllers/application_controller.rb:5
  Rendered static_pages/root.html.erb within layouts/application (2.0ms)
Completed 200 OK in 243ms (Views: 242.3ms | ActiveRecord: 0.2ms)


Started GET "/" for ::1 at 2020-06-02 20:29:10 -0400
Processing by StaticPagesController#root as HTML
  Rendering static_pages/root.html.erb within layouts/application
  [1m[36mUser Load (0.2ms)[0m  [1m[34mSELECT  "users".* FROM "users" WHERE "users"."session_token" IS NULL LIMIT $1[0m  [["LIMIT", 1]]
  ↳ app/controllers/application_controller.rb:5
  Rendered static_pages/root.html.erb within layouts/application (1.5ms)
Completed 200 OK in 228ms (Views: 227.6ms | ActiveRecord: 0.2ms)


Started GET "/" for ::1 at 2020-06-02 20:30:18 -0400
Processing by StaticPagesController#root as HTML
  Rendering static_pages/root.html.erb within layouts/application
  [1m[36mUser Load (0.2ms)[0m  [1m[34mSELECT  "users".* FROM "users" WHERE "users"."session_token" IS NULL LIMIT $1[0m  [["LIMIT", 1]]
  ↳ app/controllers/application_controller.rb:5
  Rendered static_pages/root.html.erb within layouts/application (1.3ms)
Completed 200 OK in 243ms (Views: 242.9ms | ActiveRecord: 0.2ms)


Started GET "/" for ::1 at 2020-06-02 20:30:30 -0400
Processing by StaticPagesController#root as HTML
  Rendering static_pages/root.html.erb within layouts/application
  [1m[36mUser Load (0.2ms)[0m  [1m[34mSELECT  "users".* FROM "users" WHERE "users"."session_token" IS NULL LIMIT $1[0m  [["LIMIT", 1]]
  ↳ app/controllers/application_controller.rb:5
  Rendered static_pages/root.html.erb within layouts/application (1.5ms)
Completed 200 OK in 235ms (Views: 234.7ms | ActiveRecord: 0.2ms)


Started POST "/api/users" for ::1 at 2020-06-02 20:31:39 -0400
Processing by Api::UsersController#create as JSON
  Parameters: {"user"=>{"email"=>"em@hotmail.com", "name"=>"emina", "password"=>"[FILTERED]"}}
  [1m[35m (0.2ms)[0m  [1m[35mBEGIN[0m
  ↳ app/controllers/api/users_controller.rb:5
  [1m[36mUser Exists (0.9ms)[0m  [1m[34mSELECT  1 AS one FROM "users" WHERE "users"."email" = $1 LIMIT $2[0m  [["email", "em@hotmail.com"], ["LIMIT", 1]]
  ↳ app/controllers/api/users_controller.rb:5
  [1m[36mUser Exists (0.3ms)[0m  [1m[34mSELECT  1 AS one FROM "users" WHERE "users"."session_token" = $1 LIMIT $2[0m  [["session_token", "U7bLLqmud2xTKD7iRc_x9A"], ["LIMIT", 1]]
  ↳ app/controllers/api/users_controller.rb:5
  [1m[36mUser Create (1.1ms)[0m  [1m[32mINSERT INTO "users" ("name", "email", "password_digest", "session_token", "created_at", "updated_at") VALUES ($1, $2, $3, $4, $5, $6) RETURNING "id"[0m  [["name", "emina"], ["email", "em@hotmail.com"], ["password_digest", "$2a$12$7IP4e1VoFJXoOkdUr2o0rO7yZqqIsQ7ZJBHAT8zLTakEWLWxxSEVe"], ["session_token", "U7bLLqmud2xTKD7iRc_x9A"], ["created_at", "2020-06-03 00:31:40.050312"], ["updated_at", "2020-06-03 00:31:40.050312"]]
  ↳ app/controllers/api/users_controller.rb:5
  [1m[35m (1.1ms)[0m  [1m[35mCOMMIT[0m
  ↳ app/controllers/api/users_controller.rb:5
  [1m[35m (0.1ms)[0m  [1m[35mBEGIN[0m
  ↳ app/models/user.rb:29
  [1m[36mUser Exists (0.4ms)[0m  [1m[34mSELECT  1 AS one FROM "users" WHERE "users"."email" = $1 AND "users"."id" != $2 LIMIT $3[0m  [["email", "em@hotmail.com"], ["id", 5], ["LIMIT", 1]]
  ↳ app/models/user.rb:29
  [1m[36mUser Exists (0.3ms)[0m  [1m[34mSELECT  1 AS one FROM "users" WHERE "users"."session_token" = $1 AND "users"."id" != $2 LIMIT $3[0m  [["session_token", "l4ytfgsjq2r7fk8XvS84vA"], ["id", 5], ["LIMIT", 1]]
  ↳ app/models/user.rb:29
  [1m[36mUser Update (1.0ms)[0m  [1m[33mUPDATE "users" SET "session_token" = $1, "updated_at" = $2 WHERE "users"."id" = $3[0m  [["session_token", "l4ytfgsjq2r7fk8XvS84vA"], ["updated_at", "2020-06-03 00:31:40.056182"], ["id", 5]]
  ↳ app/models/user.rb:29
  [1m[35m (0.2ms)[0m  [1m[35mCOMMIT[0m
  ↳ app/models/user.rb:29
  Rendering api/users/show.json.jbuilder
  Rendered api/users/_user.json.jbuilder (0.4ms)
  Rendered api/users/show.json.jbuilder (2.0ms)
Completed 200 OK in 242ms (Views: 8.6ms | ActiveRecord: 14.4ms)


Started POST "/api/session" for ::1 at 2020-06-02 20:31:48 -0400
Processing by Api::SessionsController#create as JSON
  Parameters: {"user"=>{"email"=>"em@hotmail.com", "name"=>"emina", "password"=>"[FILTERED]"}}
  [1m[36mUser Load (0.4ms)[0m  [1m[34mSELECT  "users".* FROM "users" WHERE "users"."email" = $1 LIMIT $2[0m  [["email", "em@hotmail.com"], ["LIMIT", 1]]
  ↳ app/models/user.rb:34
  [1m[35m (0.2ms)[0m  [1m[35mBEGIN[0m
  ↳ app/models/user.rb:29
  [1m[36mUser Exists (0.5ms)[0m  [1m[34mSELECT  1 AS one FROM "users" WHERE "users"."email" = $1 AND "users"."id" != $2 LIMIT $3[0m  [["email", "em@hotmail.com"], ["id", 5], ["LIMIT", 1]]
  ↳ app/models/user.rb:29
  [1m[36mUser Exists (0.5ms)[0m  [1m[34mSELECT  1 AS one FROM "users" WHERE "users"."session_token" = $1 AND "users"."id" != $2 LIMIT $3[0m  [["session_token", "8rTWRVfQ_r2wWoq101mxIQ"], ["id", 5], ["LIMIT", 1]]
  ↳ app/models/user.rb:29
  [1m[36mUser Update (0.3ms)[0m  [1m[33mUPDATE "users" SET "session_token" = $1, "updated_at" = $2 WHERE "users"."id" = $3[0m  [["session_token", "8rTWRVfQ_r2wWoq101mxIQ"], ["updated_at", "2020-06-03 00:31:48.863617"], ["id", 5]]
  ↳ app/models/user.rb:29
  [1m[35m (0.7ms)[0m  [1m[35mCOMMIT[0m
  ↳ app/models/user.rb:29
  Rendering api/users/show.json.jbuilder
  Rendered api/users/_user.json.jbuilder (0.4ms)
  Rendered api/users/show.json.jbuilder (2.8ms)
Completed 200 OK in 227ms (Views: 10.1ms | ActiveRecord: 2.6ms)


Started GET "/" for ::1 at 2020-06-02 20:31:50 -0400
Processing by StaticPagesController#root as HTML
  Rendering static_pages/root.html.erb within layouts/application
  [1m[36mUser Load (0.3ms)[0m  [1m[34mSELECT  "users".* FROM "users" WHERE "users"."session_token" = $1 LIMIT $2[0m  [["session_token", "8rTWRVfQ_r2wWoq101mxIQ"], ["LIMIT", 1]]
  ↳ app/controllers/application_controller.rb:5
  Rendered api/users/_user.json.jbuilder (0.3ms)
  Rendered static_pages/root.html.erb within layouts/application (4.7ms)
Completed 200 OK in 37ms (Views: 36.2ms | ActiveRecord: 0.3ms)


Started POST "/api/users" for ::1 at 2020-06-02 20:33:25 -0400
Processing by Api::UsersController#create as JSON
  Parameters: {"user"=>{"email"=>"em@hotmail.com", "name"=>"emina", "password"=>"[FILTERED]"}}
  [1m[35m (0.2ms)[0m  [1m[35mBEGIN[0m
  ↳ app/controllers/api/users_controller.rb:5
  [1m[36mUser Exists (0.4ms)[0m  [1m[34mSELECT  1 AS one FROM "users" WHERE "users"."email" = $1 LIMIT $2[0m  [["email", "em@hotmail.com"], ["LIMIT", 1]]
  ↳ app/controllers/api/users_controller.rb:5
  [1m[36mUser Exists (0.4ms)[0m  [1m[34mSELECT  1 AS one FROM "users" WHERE "users"."session_token" = $1 LIMIT $2[0m  [["session_token", "QnbiVmkbcC9Dj3n5ag7xeg"], ["LIMIT", 1]]
  ↳ app/controllers/api/users_controller.rb:5
  [1m[35m (0.2ms)[0m  [1m[31mROLLBACK[0m
  ↳ app/controllers/api/users_controller.rb:5
Completed 422 Unprocessable Entity in 217ms (Views: 0.2ms | ActiveRecord: 1.1ms)


Started POST "/api/users" for ::1 at 2020-06-02 20:35:29 -0400
Processing by Api::UsersController#create as JSON
  Parameters: {"user"=>{"email"=>"em@hotmail.com", "name"=>"emina", "password"=>"[FILTERED]"}}
  [1m[35m (0.2ms)[0m  [1m[35mBEGIN[0m
  ↳ app/controllers/api/users_controller.rb:5
  [1m[36mUser Exists (0.3ms)[0m  [1m[34mSELECT  1 AS one FROM "users" WHERE "users"."email" = $1 LIMIT $2[0m  [["email", "em@hotmail.com"], ["LIMIT", 1]]
  ↳ app/controllers/api/users_controller.rb:5
  [1m[36mUser Exists (0.4ms)[0m  [1m[34mSELECT  1 AS one FROM "users" WHERE "users"."session_token" = $1 LIMIT $2[0m  [["session_token", "pc7bEQo-iYUk4DPAktSF4A"], ["LIMIT", 1]]
  ↳ app/controllers/api/users_controller.rb:5
  [1m[35m (0.2ms)[0m  [1m[31mROLLBACK[0m
  ↳ app/controllers/api/users_controller.rb:5
Completed 422 Unprocessable Entity in 218ms (Views: 0.2ms | ActiveRecord: 1.0ms)


Started GET "/" for ::1 at 2020-06-02 20:44:03 -0400
Processing by StaticPagesController#root as HTML
  Rendering static_pages/root.html.erb within layouts/application
  [1m[36mUser Load (0.8ms)[0m  [1m[34mSELECT  "users".* FROM "users" WHERE "users"."session_token" = $1 LIMIT $2[0m  [["session_token", "8rTWRVfQ_r2wWoq101mxIQ"], ["LIMIT", 1]]
  ↳ app/controllers/application_controller.rb:5
  Rendered api/users/_user.json.jbuilder (1.1ms)
  Rendered static_pages/root.html.erb within layouts/application (10.0ms)
Completed 200 OK in 58ms (Views: 56.4ms | ActiveRecord: 1.1ms)


Started POST "/api/users" for ::1 at 2020-06-02 20:45:07 -0400
Processing by Api::UsersController#create as JSON
  Parameters: {"user"=>{"email"=>"emi18@hotmail.com", "name"=>"Emina17", "password"=>"[FILTERED]"}}
  [1m[35m (0.2ms)[0m  [1m[35mBEGIN[0m
  ↳ app/controllers/api/users_controller.rb:5
  [1m[36mUser Exists (0.4ms)[0m  [1m[34mSELECT  1 AS one FROM "users" WHERE "users"."email" = $1 LIMIT $2[0m  [["email", "emi18@hotmail.com"], ["LIMIT", 1]]
  ↳ app/controllers/api/users_controller.rb:5
  [1m[36mUser Exists (0.4ms)[0m  [1m[34mSELECT  1 AS one FROM "users" WHERE "users"."session_token" = $1 LIMIT $2[0m  [["session_token", "UlMKHC4bNctPTP1bm4sSMQ"], ["LIMIT", 1]]
  ↳ app/controllers/api/users_controller.rb:5
  [1m[36mUser Create (0.6ms)[0m  [1m[32mINSERT INTO "users" ("name", "email", "password_digest", "session_token", "created_at", "updated_at") VALUES ($1, $2, $3, $4, $5, $6) RETURNING "id"[0m  [["name", "Emina17"], ["email", "emi18@hotmail.com"], ["password_digest", "$2a$12$g/4a.x7WXw8V75yq0YpYSuOUJwaGdMWw2iavZ4YWOWuVZHfJiDwpq"], ["session_token", "UlMKHC4bNctPTP1bm4sSMQ"], ["created_at", "2020-06-03 00:45:07.592805"], ["updated_at", "2020-06-03 00:45:07.592805"]]
  ↳ app/controllers/api/users_controller.rb:5
  [1m[35m (0.7ms)[0m  [1m[35mCOMMIT[0m
  ↳ app/controllers/api/users_controller.rb:5
  [1m[35m (0.1ms)[0m  [1m[35mBEGIN[0m
  ↳ app/models/user.rb:29
  [1m[36mUser Exists (0.4ms)[0m  [1m[34mSELECT  1 AS one FROM "users" WHERE "users"."email" = $1 AND "users"."id" != $2 LIMIT $3[0m  [["email", "emi18@hotmail.com"], ["id", 6], ["LIMIT", 1]]
  ↳ app/models/user.rb:29
  [1m[36mUser Exists (1.0ms)[0m  [1m[34mSELECT  1 AS one FROM "users" WHERE "users"."session_token" = $1 AND "users"."id" != $2 LIMIT $3[0m  [["session_token", "pCyZwlVCtmZ8KBTntRfVhA"], ["id", 6], ["LIMIT", 1]]
  ↳ app/models/user.rb:29
  [1m[36mUser Update (0.8ms)[0m  [1m[33mUPDATE "users" SET "session_token" = $1, "updated_at" = $2 WHERE "users"."id" = $3[0m  [["session_token", "pCyZwlVCtmZ8KBTntRfVhA"], ["updated_at", "2020-06-03 00:45:07.601395"], ["id", 6]]
  ↳ app/models/user.rb:29
  [1m[35m (1.3ms)[0m  [1m[35mCOMMIT[0m
  ↳ app/models/user.rb:29
  Rendering api/users/show.json.jbuilder
  Rendered api/users/_user.json.jbuilder (0.3ms)
  Rendered api/users/show.json.jbuilder (2.3ms)
Completed 200 OK in 238ms (Views: 10.7ms | ActiveRecord: 5.9ms)


Started POST "/api/users" for ::1 at 2020-06-02 20:45:53 -0400
Processing by Api::UsersController#create as JSON
Completed 400 Bad Request in 2ms (ActiveRecord: 0.0ms)



ActionController::ParameterMissing - param is missing or the value is empty: user:
  app/controllers/api/users_controller.rb:16:in `user_params'
  app/controllers/api/users_controller.rb:3:in `create'

Started GET "/" for ::1 at 2020-06-02 20:47:50 -0400
Processing by StaticPagesController#root as HTML
  Rendering static_pages/root.html.erb within layouts/application
  [1m[36mUser Load (0.4ms)[0m  [1m[34mSELECT  "users".* FROM "users" WHERE "users"."session_token" = $1 LIMIT $2[0m  [["session_token", "pCyZwlVCtmZ8KBTntRfVhA"], ["LIMIT", 1]]
  ↳ app/controllers/application_controller.rb:5
  Rendered api/users/_user.json.jbuilder (0.4ms)
  Rendered static_pages/root.html.erb within layouts/application (7.7ms)
Completed 200 OK in 279ms (Views: 278.9ms | ActiveRecord: 0.4ms)


Started POST "/api/users" for ::1 at 2020-06-02 20:47:59 -0400
Processing by Api::UsersController#create as JSON
Completed 400 Bad Request in 1ms (ActiveRecord: 0.0ms)



ActionController::ParameterMissing - param is missing or the value is empty: user:
  app/controllers/api/users_controller.rb:16:in `user_params'
  app/controllers/api/users_controller.rb:3:in `create'

Started POST "/api/users" for ::1 at 2020-06-02 20:48:08 -0400
Processing by Api::UsersController#create as JSON
  Parameters: {"user"=>{"email"=>"emi18@hotmail.com", "name"=>"Emina17", "password"=>"[FILTERED]"}}
  [1m[35m (0.2ms)[0m  [1m[35mBEGIN[0m
  ↳ app/controllers/api/users_controller.rb:5
  [1m[36mUser Exists (0.3ms)[0m  [1m[34mSELECT  1 AS one FROM "users" WHERE "users"."email" = $1 LIMIT $2[0m  [["email", "emi18@hotmail.com"], ["LIMIT", 1]]
  ↳ app/controllers/api/users_controller.rb:5
  [1m[36mUser Exists (0.3ms)[0m  [1m[34mSELECT  1 AS one FROM "users" WHERE "users"."session_token" = $1 LIMIT $2[0m  [["session_token", "uns6aQx_mJTrbMW_r40cUA"], ["LIMIT", 1]]
  ↳ app/controllers/api/users_controller.rb:5
  [1m[35m (0.1ms)[0m  [1m[31mROLLBACK[0m
  ↳ app/controllers/api/users_controller.rb:5
Completed 422 Unprocessable Entity in 219ms (Views: 0.1ms | ActiveRecord: 1.0ms)


Started GET "/" for ::1 at 2020-06-02 20:55:22 -0400
Processing by StaticPagesController#root as HTML
  Rendering static_pages/root.html.erb within layouts/application
  [1m[36mUser Load (0.5ms)[0m  [1m[34mSELECT  "users".* FROM "users" WHERE "users"."session_token" = $1 LIMIT $2[0m  [["session_token", "pCyZwlVCtmZ8KBTntRfVhA"], ["LIMIT", 1]]
  ↳ app/controllers/application_controller.rb:5
  Rendered api/users/_user.json.jbuilder (0.4ms)
  Rendered static_pages/root.html.erb within layouts/application (23.5ms)
Completed 200 OK in 260ms (Views: 250.6ms | ActiveRecord: 9.4ms)


Started POST "/api/users" for ::1 at 2020-06-02 20:56:06 -0400
Processing by Api::UsersController#create as JSON
  Parameters: {"user"=>{"email"=>"emi18@hotmail.com", "name"=>"Emina17", "password"=>"[FILTERED]"}}
  [1m[35m (0.3ms)[0m  [1m[35mBEGIN[0m
  ↳ app/controllers/api/users_controller.rb:5
  [1m[36mUser Exists (1.5ms)[0m  [1m[34mSELECT  1 AS one FROM "users" WHERE "users"."email" = $1 LIMIT $2[0m  [["email", "emi18@hotmail.com"], ["LIMIT", 1]]
  ↳ app/controllers/api/users_controller.rb:5
  [1m[36mUser Exists (0.3ms)[0m  [1m[34mSELECT  1 AS one FROM "users" WHERE "users"."session_token" = $1 LIMIT $2[0m  [["session_token", "YQ76ofvRvX7qoysr2l-Ojg"], ["LIMIT", 1]]
  ↳ app/controllers/api/users_controller.rb:5
  [1m[35m (0.1ms)[0m  [1m[31mROLLBACK[0m
  ↳ app/controllers/api/users_controller.rb:5
Completed 422 Unprocessable Entity in 216ms (Views: 0.2ms | ActiveRecord: 2.3ms)


Started POST "/api/users" for ::1 at 2020-06-02 20:57:17 -0400
Processing by Api::UsersController#create as JSON
  Parameters: {"user"=>{"email"=>"test100@hotmail.com", "name"=>"test1000", "password"=>"[FILTERED]"}}
  [1m[35m (0.2ms)[0m  [1m[35mBEGIN[0m
  ↳ app/controllers/api/users_controller.rb:5
  [1m[36mUser Exists (0.4ms)[0m  [1m[34mSELECT  1 AS one FROM "users" WHERE "users"."email" = $1 LIMIT $2[0m  [["email", "test100@hotmail.com"], ["LIMIT", 1]]
  ↳ app/controllers/api/users_controller.rb:5
  [1m[36mUser Exists (0.4ms)[0m  [1m[34mSELECT  1 AS one FROM "users" WHERE "users"."session_token" = $1 LIMIT $2[0m  [["session_token", "GhO4ns1bs49hCP_JGvT5Ng"], ["LIMIT", 1]]
  ↳ app/controllers/api/users_controller.rb:5
  [1m[36mUser Create (2.2ms)[0m  [1m[32mINSERT INTO "users" ("name", "email", "password_digest", "session_token", "created_at", "updated_at") VALUES ($1, $2, $3, $4, $5, $6) RETURNING "id"[0m  [["name", "test1000"], ["email", "test100@hotmail.com"], ["password_digest", "$2a$12$UO9QSy32Cx20VddmHyUWw.wV8Zgd1Fst4iEK1A5jkBK1E8.fFIxCu"], ["session_token", "GhO4ns1bs49hCP_JGvT5Ng"], ["created_at", "2020-06-03 00:57:17.368874"], ["updated_at", "2020-06-03 00:57:17.368874"]]
  ↳ app/controllers/api/users_controller.rb:5
  [1m[35m (0.7ms)[0m  [1m[35mCOMMIT[0m
  ↳ app/controllers/api/users_controller.rb:5
  [1m[35m (0.2ms)[0m  [1m[35mBEGIN[0m
  ↳ app/models/user.rb:29
  [1m[36mUser Exists (0.7ms)[0m  [1m[34mSELECT  1 AS one FROM "users" WHERE "users"."email" = $1 AND "users"."id" != $2 LIMIT $3[0m  [["email", "test100@hotmail.com"], ["id", 7], ["LIMIT", 1]]
  ↳ app/models/user.rb:29
  [1m[36mUser Exists (0.8ms)[0m  [1m[34mSELECT  1 AS one FROM "users" WHERE "users"."session_token" = $1 AND "users"."id" != $2 LIMIT $3[0m  [["session_token", "CnPB9GHVkA4cfkTqv5PBrA"], ["id", 7], ["LIMIT", 1]]
  ↳ app/models/user.rb:29
  [1m[36mUser Update (0.5ms)[0m  [1m[33mUPDATE "users" SET "session_token" = $1, "updated_at" = $2 WHERE "users"."id" = $3[0m  [["session_token", "CnPB9GHVkA4cfkTqv5PBrA"], ["updated_at", "2020-06-03 00:57:17.377670"], ["id", 7]]
  ↳ app/models/user.rb:29
  [1m[35m (0.3ms)[0m  [1m[35mCOMMIT[0m
  ↳ app/models/user.rb:29
  Rendering api/users/show.json.jbuilder
  Rendered api/users/_user.json.jbuilder (0.2ms)
  Rendered api/users/show.json.jbuilder (1.2ms)
Completed 200 OK in 236ms (Views: 7.8ms | ActiveRecord: 6.2ms)


Started GET "/" for ::1 at 2020-06-02 20:58:31 -0400
Processing by StaticPagesController#root as HTML
  Rendering static_pages/root.html.erb within layouts/application
  [1m[36mUser Load (0.8ms)[0m  [1m[34mSELECT  "users".* FROM "users" WHERE "users"."session_token" = $1 LIMIT $2[0m  [["session_token", "CnPB9GHVkA4cfkTqv5PBrA"], ["LIMIT", 1]]
  ↳ app/controllers/application_controller.rb:5
  Rendered api/users/_user.json.jbuilder (0.6ms)
  Rendered static_pages/root.html.erb within layouts/application (8.2ms)
Completed 200 OK in 238ms (Views: 237.1ms | ActiveRecord: 0.8ms)


Started GET "/" for ::1 at 2020-06-02 20:58:41 -0400
Processing by StaticPagesController#root as HTML
  Rendering static_pages/root.html.erb within layouts/application
  [1m[36mUser Load (0.3ms)[0m  [1m[34mSELECT  "users".* FROM "users" WHERE "users"."session_token" = $1 LIMIT $2[0m  [["session_token", "CnPB9GHVkA4cfkTqv5PBrA"], ["LIMIT", 1]]
  ↳ app/controllers/application_controller.rb:5
  Rendered api/users/_user.json.jbuilder (0.4ms)
  Rendered static_pages/root.html.erb within layouts/application (5.0ms)
Completed 200 OK in 287ms (Views: 286.1ms | ActiveRecord: 0.3ms)


Started POST "/api/users" for ::1 at 2020-06-02 21:00:24 -0400
Processing by Api::UsersController#create as JSON
  Parameters: {"user"=>{"email"=>"test1100@hotmail.com", "name"=>"test1000", "password"=>"[FILTERED]"}}
  [1m[35m (0.2ms)[0m  [1m[35mBEGIN[0m
  ↳ app/controllers/api/users_controller.rb:5
  [1m[36mUser Exists (0.4ms)[0m  [1m[34mSELECT  1 AS one FROM "users" WHERE "users"."email" = $1 LIMIT $2[0m  [["email", "test1100@hotmail.com"], ["LIMIT", 1]]
  ↳ app/controllers/api/users_controller.rb:5
  [1m[36mUser Exists (0.3ms)[0m  [1m[34mSELECT  1 AS one FROM "users" WHERE "users"."session_token" = $1 LIMIT $2[0m  [["session_token", "HwkYs599PUCCW2Hr8O6s9A"], ["LIMIT", 1]]
  ↳ app/controllers/api/users_controller.rb:5
  [1m[36mUser Create (0.3ms)[0m  [1m[32mINSERT INTO "users" ("name", "email", "password_digest", "session_token", "created_at", "updated_at") VALUES ($1, $2, $3, $4, $5, $6) RETURNING "id"[0m  [["name", "test1000"], ["email", "test1100@hotmail.com"], ["password_digest", "$2a$12$8Btes8V23Lq.sFNatze6AuvgbniIdjUEMa/p3GQtg1mLDIempo832"], ["session_token", "HwkYs599PUCCW2Hr8O6s9A"], ["created_at", "2020-06-03 01:00:25.053925"], ["updated_at", "2020-06-03 01:00:25.053925"]]
  ↳ app/controllers/api/users_controller.rb:5
  [1m[35m (0.6ms)[0m  [1m[35mCOMMIT[0m
  ↳ app/controllers/api/users_controller.rb:5
  [1m[35m (0.1ms)[0m  [1m[35mBEGIN[0m
  ↳ app/models/user.rb:29
  [1m[36mUser Exists (0.3ms)[0m  [1m[34mSELECT  1 AS one FROM "users" WHERE "users"."email" = $1 AND "users"."id" != $2 LIMIT $3[0m  [["email", "test1100@hotmail.com"], ["id", 8], ["LIMIT", 1]]
  ↳ app/models/user.rb:29
  [1m[36mUser Exists (0.8ms)[0m  [1m[34mSELECT  1 AS one FROM "users" WHERE "users"."session_token" = $1 AND "users"."id" != $2 LIMIT $3[0m  [["session_token", "8TvU3n983Xp4gzoUek3Saw"], ["id", 8], ["LIMIT", 1]]
  ↳ app/models/user.rb:29
  [1m[36mUser Update (1.3ms)[0m  [1m[33mUPDATE "users" SET "session_token" = $1, "updated_at" = $2 WHERE "users"."id" = $3[0m  [["session_token", "8TvU3n983Xp4gzoUek3Saw"], ["updated_at", "2020-06-03 01:00:25.062319"], ["id", 8]]
  ↳ app/models/user.rb:29
  [1m[35m (0.3ms)[0m  [1m[35mCOMMIT[0m
  ↳ app/models/user.rb:29
  Rendering api/users/show.json.jbuilder
  Rendered api/users/_user.json.jbuilder (0.5ms)
  Rendered api/users/show.json.jbuilder (2.8ms)
Completed 200 OK in 237ms (Views: 9.1ms | ActiveRecord: 4.5ms)


Started POST "/api/session" for ::1 at 2020-06-02 21:00:35 -0400
Processing by Api::SessionsController#create as JSON
  Parameters: {"user"=>{"email"=>"test1100@hotmail.com", "name"=>"test1000", "password"=>"[FILTERED]"}}
  [1m[36mUser Load (0.5ms)[0m  [1m[34mSELECT  "users".* FROM "users" WHERE "users"."email" = $1 LIMIT $2[0m  [["email", "test1100@hotmail.com"], ["LIMIT", 1]]
  ↳ app/models/user.rb:34
  [1m[35m (0.2ms)[0m  [1m[35mBEGIN[0m
  ↳ app/models/user.rb:29
  [1m[36mUser Exists (0.3ms)[0m  [1m[34mSELECT  1 AS one FROM "users" WHERE "users"."email" = $1 AND "users"."id" != $2 LIMIT $3[0m  [["email", "test1100@hotmail.com"], ["id", 8], ["LIMIT", 1]]
  ↳ app/models/user.rb:29
  [1m[36mUser Exists (0.3ms)[0m  [1m[34mSELECT  1 AS one FROM "users" WHERE "users"."session_token" = $1 AND "users"."id" != $2 LIMIT $3[0m  [["session_token", "YcDs0AF-GOFSdVOzgte1Ow"], ["id", 8], ["LIMIT", 1]]
  ↳ app/models/user.rb:29
  [1m[36mUser Update (0.4ms)[0m  [1m[33mUPDATE "users" SET "session_token" = $1, "updated_at" = $2 WHERE "users"."id" = $3[0m  [["session_token", "YcDs0AF-GOFSdVOzgte1Ow"], ["updated_at", "2020-06-03 01:00:35.952092"], ["id", 8]]
  ↳ app/models/user.rb:29
  [1m[35m (0.5ms)[0m  [1m[35mCOMMIT[0m
  ↳ app/models/user.rb:29
  Rendering api/users/show.json.jbuilder
  Rendered api/users/_user.json.jbuilder (0.2ms)
  Rendered api/users/show.json.jbuilder (1.3ms)
Completed 200 OK in 228ms (Views: 7.9ms | ActiveRecord: 2.2ms)


Started GET "/" for ::1 at 2020-06-02 21:01:10 -0400
Processing by StaticPagesController#root as HTML
  Rendering static_pages/root.html.erb within layouts/application
  [1m[36mUser Load (0.9ms)[0m  [1m[34mSELECT  "users".* FROM "users" WHERE "users"."session_token" = $1 LIMIT $2[0m  [["session_token", "YcDs0AF-GOFSdVOzgte1Ow"], ["LIMIT", 1]]
  ↳ app/controllers/application_controller.rb:5
  Rendered api/users/_user.json.jbuilder (0.4ms)
  Rendered static_pages/root.html.erb within layouts/application (6.7ms)
Completed 200 OK in 35ms (Views: 33.5ms | ActiveRecord: 0.9ms)


Started GET "/" for ::1 at 2020-06-02 21:26:16 -0400
Processing by StaticPagesController#root as HTML
  Rendering static_pages/root.html.erb within layouts/application
  [1m[36mUser Load (1.2ms)[0m  [1m[34mSELECT  "users".* FROM "users" WHERE "users"."session_token" = $1 LIMIT $2[0m  [["session_token", "YcDs0AF-GOFSdVOzgte1Ow"], ["LIMIT", 1]]
  ↳ app/controllers/application_controller.rb:5
  Rendered api/users/_user.json.jbuilder (1.9ms)
  Rendered static_pages/root.html.erb within layouts/application (16.4ms)
Completed 200 OK in 273ms (Views: 270.8ms | ActiveRecord: 1.5ms)


Started GET "/" for ::1 at 2020-06-02 21:27:01 -0400
Processing by StaticPagesController#root as HTML
  Rendering static_pages/root.html.erb within layouts/application
  [1m[36mUser Load (0.7ms)[0m  [1m[34mSELECT  "users".* FROM "users" WHERE "users"."session_token" = $1 LIMIT $2[0m  [["session_token", "YcDs0AF-GOFSdVOzgte1Ow"], ["LIMIT", 1]]
  ↳ app/controllers/application_controller.rb:5
  Rendered api/users/_user.json.jbuilder (0.6ms)
  Rendered static_pages/root.html.erb within layouts/application (7.2ms)
Completed 200 OK in 276ms (Views: 275.1ms | ActiveRecord: 0.7ms)


Started GET "/api/users" for ::1 at 2020-06-02 21:27:25 -0400
Processing by Api::UsersController#index as JSON
Completed 500 Internal Server Error in 8ms (ActiveRecord: 0.0ms)



ActionView::MissingTemplate - Missing template api/users with {:locale=>[:en], :formats=>[:json], :variants=>[], :handlers=>[:raw, :erb, :html, :builder, :ruby, :coffee, :jbuilder]}. Searched in:
  * "/Users/ramiabdelghafar/Desktop/GoodreadsFullStack/app/views"
:
  app/controllers/api/users_controller.rb:15:in `index'

Started GET "/" for ::1 at 2020-06-02 21:29:25 -0400
Processing by StaticPagesController#root as HTML
  Rendering static_pages/root.html.erb within layouts/application
  [1m[36mUser Load (0.3ms)[0m  [1m[34mSELECT  "users".* FROM "users" WHERE "users"."session_token" = $1 LIMIT $2[0m  [["session_token", "YcDs0AF-GOFSdVOzgte1Ow"], ["LIMIT", 1]]
  ↳ app/controllers/application_controller.rb:5
  Rendered api/users/_user.json.jbuilder (0.5ms)
  Rendered static_pages/root.html.erb within layouts/application (33.3ms)
Completed 200 OK in 55ms (Views: 42.2ms | ActiveRecord: 13.0ms)


Started GET "/api/users" for ::1 at 2020-06-02 21:29:50 -0400
Processing by Api::UsersController#index as JSON
  Rendering api/users/index.json.jbuilder
  [1m[36mUser Load (0.4ms)[0m  [1m[34mSELECT "users".* FROM "users"[0m
  ↳ app/views/api/users/index.json.jbuilder:2
  Rendered api/users/_user.json.jbuilder (0.6ms)
  Rendered api/users/_user.json.jbuilder (0.2ms)
  Rendered api/users/_user.json.jbuilder (0.1ms)
  Rendered api/users/_user.json.jbuilder (0.1ms)
  Rendered api/users/_user.json.jbuilder (0.1ms)
  Rendered api/users/_user.json.jbuilder (0.1ms)
  Rendered api/users/_user.json.jbuilder (0.1ms)
  Rendered api/users/_user.json.jbuilder (0.2ms)
  Rendered api/users/index.json.jbuilder (13.6ms)
Completed 200 OK in 24ms (Views: 23.4ms | ActiveRecord: 0.4ms)


Started POST "/api/users" for ::1 at 2020-06-02 21:31:17 -0400
Processing by Api::UsersController#create as JSON
  Parameters: {"user"=>{"email"=>"testing@hotmail.com", "name"=>"testing", "password"=>"[FILTERED]"}}
  [1m[35m (0.3ms)[0m  [1m[35mBEGIN[0m
  ↳ app/controllers/api/users_controller.rb:5
  [1m[36mUser Exists (0.5ms)[0m  [1m[34mSELECT  1 AS one FROM "users" WHERE "users"."email" = $1 LIMIT $2[0m  [["email", "testing@hotmail.com"], ["LIMIT", 1]]
  ↳ app/controllers/api/users_controller.rb:5
  [1m[36mUser Exists (0.4ms)[0m  [1m[34mSELECT  1 AS one FROM "users" WHERE "users"."session_token" = $1 LIMIT $2[0m  [["session_token", "B4hoPfdzsx6mQsWVJm-h0Q"], ["LIMIT", 1]]
  ↳ app/controllers/api/users_controller.rb:5
  [1m[36mUser Create (2.2ms)[0m  [1m[32mINSERT INTO "users" ("name", "email", "password_digest", "session_token", "created_at", "updated_at") VALUES ($1, $2, $3, $4, $5, $6) RETURNING "id"[0m  [["name", "testing"], ["email", "testing@hotmail.com"], ["password_digest", "$2a$12$Ldae56d3TP8o2xFDtCfgxuGjB1PO/QNQyZdmRf6xJJyGxZ.JFGir6"], ["session_token", "B4hoPfdzsx6mQsWVJm-h0Q"], ["created_at", "2020-06-03 01:31:17.836732"], ["updated_at", "2020-06-03 01:31:17.836732"]]
  ↳ app/controllers/api/users_controller.rb:5
  [1m[35m (1.2ms)[0m  [1m[35mCOMMIT[0m
  ↳ app/controllers/api/users_controller.rb:5
  [1m[35m (0.2ms)[0m  [1m[35mBEGIN[0m
  ↳ app/models/user.rb:29
  [1m[36mUser Exists (0.5ms)[0m  [1m[34mSELECT  1 AS one FROM "users" WHERE "users"."email" = $1 AND "users"."id" != $2 LIMIT $3[0m  [["email", "testing@hotmail.com"], ["id", 9], ["LIMIT", 1]]
  ↳ app/models/user.rb:29
  [1m[36mUser Exists (0.3ms)[0m  [1m[34mSELECT  1 AS one FROM "users" WHERE "users"."session_token" = $1 AND "users"."id" != $2 LIMIT $3[0m  [["session_token", "OfswCcwF287dwaBizrreYg"], ["id", 9], ["LIMIT", 1]]
  ↳ app/models/user.rb:29
  [1m[36mUser Update (0.4ms)[0m  [1m[33mUPDATE "users" SET "session_token" = $1, "updated_at" = $2 WHERE "users"."id" = $3[0m  [["session_token", "OfswCcwF287dwaBizrreYg"], ["updated_at", "2020-06-03 01:31:17.845897"], ["id", 9]]
  ↳ app/models/user.rb:29
  [1m[35m (0.4ms)[0m  [1m[35mCOMMIT[0m
  ↳ app/models/user.rb:29
  Rendering api/users/show.json.jbuilder
  Rendered api/users/_user.json.jbuilder (0.3ms)
  Rendered api/users/show.json.jbuilder (2.1ms)
Completed 200 OK in 242ms (Views: 12.1ms | ActiveRecord: 6.2ms)


Started GET "/" for ::1 at 2020-06-02 21:32:45 -0400
Processing by StaticPagesController#root as HTML
  Rendering static_pages/root.html.erb within layouts/application
  [1m[36mUser Load (0.6ms)[0m  [1m[34mSELECT  "users".* FROM "users" WHERE "users"."session_token" = $1 LIMIT $2[0m  [["session_token", "OfswCcwF287dwaBizrreYg"], ["LIMIT", 1]]
  ↳ app/controllers/application_controller.rb:5
  Rendered api/users/_user.json.jbuilder (1.2ms)
  Rendered static_pages/root.html.erb within layouts/application (7.7ms)
Completed 200 OK in 259ms (Views: 257.8ms | ActiveRecord: 0.6ms)


Started GET "/" for ::1 at 2020-06-02 21:32:48 -0400
Processing by StaticPagesController#root as HTML
  Rendering static_pages/root.html.erb within layouts/application
  [1m[36mUser Load (0.4ms)[0m  [1m[34mSELECT  "users".* FROM "users" WHERE "users"."session_token" = $1 LIMIT $2[0m  [["session_token", "OfswCcwF287dwaBizrreYg"], ["LIMIT", 1]]
  ↳ app/controllers/application_controller.rb:5
  Rendered api/users/_user.json.jbuilder (0.4ms)
  Rendered static_pages/root.html.erb within layouts/application (5.9ms)
Completed 200 OK in 43ms (Views: 41.9ms | ActiveRecord: 0.4ms)


Started POST "/api/session" for ::1 at 2020-06-02 21:33:23 -0400
Processing by Api::SessionsController#create as JSON
  Parameters: {"user"=>{"email"=>"testing@hotmail.com", "name"=>"testing", "password"=>"[FILTERED]"}}
  [1m[36mUser Load (0.6ms)[0m  [1m[34mSELECT  "users".* FROM "users" WHERE "users"."email" = $1 LIMIT $2[0m  [["email", "testing@hotmail.com"], ["LIMIT", 1]]
  ↳ app/models/user.rb:34
  [1m[35m (0.2ms)[0m  [1m[35mBEGIN[0m
  ↳ app/models/user.rb:29
  [1m[36mUser Exists (0.3ms)[0m  [1m[34mSELECT  1 AS one FROM "users" WHERE "users"."email" = $1 AND "users"."id" != $2 LIMIT $3[0m  [["email", "testing@hotmail.com"], ["id", 9], ["LIMIT", 1]]
  ↳ app/models/user.rb:29
  [1m[36mUser Exists (0.5ms)[0m  [1m[34mSELECT  1 AS one FROM "users" WHERE "users"."session_token" = $1 AND "users"."id" != $2 LIMIT $3[0m  [["session_token", "9biGVUIlkYq2ViiJYvSz2g"], ["id", 9], ["LIMIT", 1]]
  ↳ app/models/user.rb:29
  [1m[36mUser Update (1.8ms)[0m  [1m[33mUPDATE "users" SET "session_token" = $1, "updated_at" = $2 WHERE "users"."id" = $3[0m  [["session_token", "9biGVUIlkYq2ViiJYvSz2g"], ["updated_at", "2020-06-03 01:33:23.925072"], ["id", 9]]
  ↳ app/models/user.rb:29
  [1m[35m (0.4ms)[0m  [1m[35mCOMMIT[0m
  ↳ app/models/user.rb:29
  Rendering api/users/show.json.jbuilder
  Rendered api/users/_user.json.jbuilder (0.2ms)
  Rendered api/users/show.json.jbuilder (1.3ms)
Completed 200 OK in 226ms (Views: 9.1ms | ActiveRecord: 3.8ms)


Started GET "/" for ::1 at 2020-06-02 21:34:30 -0400
Processing by StaticPagesController#root as HTML
  Rendering static_pages/root.html.erb within layouts/application
  [1m[36mUser Load (0.6ms)[0m  [1m[34mSELECT  "users".* FROM "users" WHERE "users"."session_token" = $1 LIMIT $2[0m  [["session_token", "9biGVUIlkYq2ViiJYvSz2g"], ["LIMIT", 1]]
  ↳ app/controllers/application_controller.rb:5
  Rendered api/users/_user.json.jbuilder (0.6ms)
  Rendered static_pages/root.html.erb within layouts/application (7.1ms)
Completed 200 OK in 269ms (Views: 267.8ms | ActiveRecord: 0.6ms)


Started POST "/api/session" for ::1 at 2020-06-02 21:34:49 -0400
Processing by Api::SessionsController#create as JSON
  Parameters: {"user"=>{"email"=>"testing@hotmail.com", "name"=>"testing", "password"=>"[FILTERED]"}}
  [1m[36mUser Load (0.4ms)[0m  [1m[34mSELECT  "users".* FROM "users" WHERE "users"."email" = $1 LIMIT $2[0m  [["email", "testing@hotmail.com"], ["LIMIT", 1]]
  ↳ app/models/user.rb:34
  [1m[35m (0.2ms)[0m  [1m[35mBEGIN[0m
  ↳ app/models/user.rb:29
  [1m[36mUser Exists (0.5ms)[0m  [1m[34mSELECT  1 AS one FROM "users" WHERE "users"."email" = $1 AND "users"."id" != $2 LIMIT $3[0m  [["email", "testing@hotmail.com"], ["id", 9], ["LIMIT", 1]]
  ↳ app/models/user.rb:29
  [1m[36mUser Exists (0.4ms)[0m  [1m[34mSELECT  1 AS one FROM "users" WHERE "users"."session_token" = $1 AND "users"."id" != $2 LIMIT $3[0m  [["session_token", "OqO5kbUKoBB-MNe6WHbpIQ"], ["id", 9], ["LIMIT", 1]]
  ↳ app/models/user.rb:29
  [1m[36mUser Update (0.4ms)[0m  [1m[33mUPDATE "users" SET "session_token" = $1, "updated_at" = $2 WHERE "users"."id" = $3[0m  [["session_token", "OqO5kbUKoBB-MNe6WHbpIQ"], ["updated_at", "2020-06-03 01:34:49.355841"], ["id", 9]]
  ↳ app/models/user.rb:29
  [1m[35m (0.6ms)[0m  [1m[35mCOMMIT[0m
  ↳ app/models/user.rb:29
  Rendering api/users/show.json.jbuilder
  Rendered api/users/_user.json.jbuilder (0.3ms)
  Rendered api/users/show.json.jbuilder (1.8ms)
Completed 200 OK in 230ms (Views: 10.8ms | ActiveRecord: 2.5ms)


Started GET "/" for ::1 at 2020-06-02 21:35:06 -0400
Processing by StaticPagesController#root as HTML
  Rendering static_pages/root.html.erb within layouts/application
  [1m[36mUser Load (0.3ms)[0m  [1m[34mSELECT  "users".* FROM "users" WHERE "users"."session_token" = $1 LIMIT $2[0m  [["session_token", "OqO5kbUKoBB-MNe6WHbpIQ"], ["LIMIT", 1]]
  ↳ app/controllers/application_controller.rb:5
  Rendered api/users/_user.json.jbuilder (0.4ms)
  Rendered static_pages/root.html.erb within layouts/application (7.3ms)
Completed 200 OK in 55ms (Views: 54.6ms | ActiveRecord: 0.3ms)


Started GET "/" for ::1 at 2020-06-02 21:36:25 -0400
Processing by StaticPagesController#root as HTML
  Rendering static_pages/root.html.erb within layouts/application
  [1m[36mUser Load (0.3ms)[0m  [1m[34mSELECT  "users".* FROM "users" WHERE "users"."session_token" = $1 LIMIT $2[0m  [["session_token", "OqO5kbUKoBB-MNe6WHbpIQ"], ["LIMIT", 1]]
  ↳ app/controllers/application_controller.rb:5
  Rendered api/users/_user.json.jbuilder (0.8ms)
  Rendered static_pages/root.html.erb within layouts/application (6.2ms)
Completed 200 OK in 57ms (Views: 56.5ms | ActiveRecord: 0.3ms)


Started GET "/" for ::1 at 2020-06-02 21:37:57 -0400
Processing by StaticPagesController#root as HTML
  Rendering static_pages/root.html.erb within layouts/application
  [1m[36mUser Load (0.5ms)[0m  [1m[34mSELECT  "users".* FROM "users" WHERE "users"."session_token" = $1 LIMIT $2[0m  [["session_token", "OqO5kbUKoBB-MNe6WHbpIQ"], ["LIMIT", 1]]
  ↳ app/controllers/application_controller.rb:5
  Rendered api/users/_user.json.jbuilder (1.6ms)
  Rendered static_pages/root.html.erb within layouts/application (9.1ms)
Completed 200 OK in 287ms (Views: 285.8ms | ActiveRecord: 0.5ms)


Started GET "/" for ::1 at 2020-06-02 21:40:23 -0400
Processing by StaticPagesController#root as HTML
  Rendering static_pages/root.html.erb within layouts/application
  [1m[36mUser Load (0.3ms)[0m  [1m[34mSELECT  "users".* FROM "users" WHERE "users"."session_token" = $1 LIMIT $2[0m  [["session_token", "OqO5kbUKoBB-MNe6WHbpIQ"], ["LIMIT", 1]]
  ↳ app/controllers/application_controller.rb:5
  Rendered api/users/_user.json.jbuilder (0.5ms)
  Rendered static_pages/root.html.erb within layouts/application (4.6ms)
Completed 200 OK in 252ms (Views: 251.8ms | ActiveRecord: 0.3ms)


Started GET "/" for ::1 at 2020-06-02 21:41:25 -0400
Processing by StaticPagesController#root as HTML
  Rendering static_pages/root.html.erb within layouts/application
  [1m[36mUser Load (0.2ms)[0m  [1m[34mSELECT  "users".* FROM "users" WHERE "users"."session_token" = $1 LIMIT $2[0m  [["session_token", "OqO5kbUKoBB-MNe6WHbpIQ"], ["LIMIT", 1]]
  ↳ app/controllers/application_controller.rb:5
  Rendered api/users/_user.json.jbuilder (0.4ms)
  Rendered static_pages/root.html.erb within layouts/application (4.9ms)
Completed 200 OK in 251ms (Views: 250.2ms | ActiveRecord: 0.2ms)


Started GET "/" for ::1 at 2020-06-02 21:41:35 -0400
Processing by StaticPagesController#root as HTML
  Rendering static_pages/root.html.erb within layouts/application
  [1m[36mUser Load (0.3ms)[0m  [1m[34mSELECT  "users".* FROM "users" WHERE "users"."session_token" = $1 LIMIT $2[0m  [["session_token", "OqO5kbUKoBB-MNe6WHbpIQ"], ["LIMIT", 1]]
  ↳ app/controllers/application_controller.rb:5
  Rendered api/users/_user.json.jbuilder (0.5ms)
  Rendered static_pages/root.html.erb within layouts/application (4.7ms)
Completed 200 OK in 240ms (Views: 239.2ms | ActiveRecord: 0.3ms)


Started GET "/" for ::1 at 2020-06-02 22:24:34 -0400
Processing by StaticPagesController#root as HTML
  Rendering static_pages/root.html.erb within layouts/application
  [1m[36mUser Load (1.0ms)[0m  [1m[34mSELECT  "users".* FROM "users" WHERE "users"."session_token" = $1 LIMIT $2[0m  [["session_token", "OqO5kbUKoBB-MNe6WHbpIQ"], ["LIMIT", 1]]
  ↳ app/controllers/application_controller.rb:5
  Rendered api/users/_user.json.jbuilder (2.3ms)
  Rendered static_pages/root.html.erb within layouts/application (17.4ms)
Completed 200 OK in 294ms (Views: 291.7ms | ActiveRecord: 1.2ms)


Started GET "/" for ::1 at 2020-06-02 23:16:58 -0400
Processing by StaticPagesController#root as HTML
  Rendering static_pages/root.html.erb within layouts/application
  [1m[36mUser Load (0.8ms)[0m  [1m[34mSELECT  "users".* FROM "users" WHERE "users"."session_token" = $1 LIMIT $2[0m  [["session_token", "OqO5kbUKoBB-MNe6WHbpIQ"], ["LIMIT", 1]]
  ↳ app/controllers/application_controller.rb:5
  Rendered api/users/_user.json.jbuilder (1.7ms)
  Rendered static_pages/root.html.erb within layouts/application (14.8ms)
Completed 200 OK in 292ms (Views: 290.0ms | ActiveRecord: 1.1ms)


Started GET "/" for ::1 at 2020-06-02 23:51:17 -0400
Processing by StaticPagesController#root as HTML
  Rendering static_pages/root.html.erb within layouts/application
  [1m[36mUser Load (0.7ms)[0m  [1m[34mSELECT  "users".* FROM "users" WHERE "users"."session_token" = $1 LIMIT $2[0m  [["session_token", "OqO5kbUKoBB-MNe6WHbpIQ"], ["LIMIT", 1]]
  ↳ app/controllers/application_controller.rb:5
  Rendered api/users/_user.json.jbuilder (1.8ms)
  Rendered static_pages/root.html.erb within layouts/application (15.4ms)
Completed 200 OK in 321ms (Views: 319.1ms | ActiveRecord: 0.9ms)


Started GET "/" for ::1 at 2020-06-02 23:51:51 -0400
Processing by StaticPagesController#root as HTML
  Rendering static_pages/root.html.erb within layouts/application
  [1m[36mUser Load (0.5ms)[0m  [1m[34mSELECT  "users".* FROM "users" WHERE "users"."session_token" = $1 LIMIT $2[0m  [["session_token", "OqO5kbUKoBB-MNe6WHbpIQ"], ["LIMIT", 1]]
  ↳ app/controllers/application_controller.rb:5
  Rendered api/users/_user.json.jbuilder (0.4ms)
  Rendered static_pages/root.html.erb within layouts/application (5.4ms)
Completed 200 OK in 247ms (Views: 246.1ms | ActiveRecord: 0.5ms)


Started GET "/" for ::1 at 2020-06-02 23:51:57 -0400
Processing by StaticPagesController#root as HTML
  Rendering static_pages/root.html.erb within layouts/application
  [1m[36mUser Load (0.3ms)[0m  [1m[34mSELECT  "users".* FROM "users" WHERE "users"."session_token" = $1 LIMIT $2[0m  [["session_token", "OqO5kbUKoBB-MNe6WHbpIQ"], ["LIMIT", 1]]
  ↳ app/controllers/application_controller.rb:5
  Rendered api/users/_user.json.jbuilder (0.4ms)
  Rendered static_pages/root.html.erb within layouts/application (3.8ms)
Completed 200 OK in 18ms (Views: 18.0ms | ActiveRecord: 0.3ms)


Started GET "/" for ::1 at 2020-06-02 23:52:16 -0400
Processing by StaticPagesController#root as HTML
  Rendering static_pages/root.html.erb within layouts/application
  [1m[36mUser Load (0.4ms)[0m  [1m[34mSELECT  "users".* FROM "users" WHERE "users"."session_token" = $1 LIMIT $2[0m  [["session_token", "OqO5kbUKoBB-MNe6WHbpIQ"], ["LIMIT", 1]]
  ↳ app/controllers/application_controller.rb:5
  Rendered api/users/_user.json.jbuilder (0.6ms)
  Rendered static_pages/root.html.erb within layouts/application (4.9ms)
Completed 200 OK in 250ms (Views: 249.8ms | ActiveRecord: 0.4ms)


